[debug] [2020-09-11T23:02:56.416Z] ----------------------------------------------------------------------
[debug] [2020-09-11T23:02:56.419Z] Command:       /usr/local/bin/node /usr/local/bin/firebase emulators:start
[debug] [2020-09-11T23:02:56.419Z] CLI Version:   8.10.0
[debug] [2020-09-11T23:02:56.419Z] Platform:      darwin
[debug] [2020-09-11T23:02:56.419Z] Node Version:  v12.18.3
[debug] [2020-09-11T23:02:56.421Z] Time:          Fri Sep 11 2020 18:02:56 GMT-0500 (Eastern Standard Time)
[debug] [2020-09-11T23:02:56.421Z] ----------------------------------------------------------------------
[debug] [2020-09-11T23:02:56.421Z] 
[debug] [2020-09-11T23:02:56.431Z] > command requires scopes: ["email","openid","https://www.googleapis.com/auth/cloudplatformprojects.readonly","https://www.googleapis.com/auth/firebase","https://www.googleapis.com/auth/cloud-platform"]
[debug] [2020-09-11T23:02:56.432Z] > authorizing via signed-in user
[info] i  emulators: Starting emulators: functions, hosting {"metadata":{"emulator":{"name":"hub"},"message":"Starting emulators: functions, hosting"}}
[debug] [2020-09-11T23:02:56.460Z] [hub] writing locator at /var/folders/tl/ngzdzvxj3nd29p8341ndnp2c0000gn/T/hub-challenge-cb568.json
[warn] ⚠  functions: The following emulators are not running, calls to these services from the Functions emulator will affect production: firestore, database, pubsub {"metadata":{"emulator":{"name":"functions"},"message":"The following emulators are not running, calls to these services from the Functions emulator will affect production: \u001b[1mfirestore, database, pubsub\u001b[22m"}}
[warn] ⚠  Your requested "node" version "10" doesn't match your global version "12" {"metadata":{"emulator":{"name":"functions"},"message":"Your requested \"node\" version \"10\" doesn't match your global version \"12\""}}
[debug] [2020-09-11T23:02:56.500Z] defaultcredentials: writing to file /Users/faustologiudice/.config/firebase/faustologic_gmail_com_application_default_credentials.json
[debug] [2020-09-11T23:02:56.507Z] Setting GAC to /Users/faustologiudice/.config/firebase/faustologic_gmail_com_application_default_credentials.json {"metadata":{"emulator":{"name":"functions"},"message":"Setting GAC to /Users/faustologiudice/.config/firebase/faustologic_gmail_com_application_default_credentials.json"}}
[debug] [2020-09-11T23:02:56.526Z] > refreshing access token with scopes: ["email","https://www.googleapis.com/auth/cloud-platform","https://www.googleapis.com/auth/cloudplatformprojects.readonly","https://www.googleapis.com/auth/firebase","openid"]
[debug] [2020-09-11T23:02:56.526Z] >>> HTTP REQUEST POST https://www.googleapis.com/oauth2/v3/token  
 <request body omitted>
[debug] [2020-09-11T23:02:56.794Z] <<< HTTP RESPONSE 200 {"content-type":"application/json; charset=utf-8","vary":"X-Origin, Referer, Origin,Accept-Encoding","date":"Fri, 11 Sep 2020 23:02:56 GMT","server":"scaffolding on HTTPServer2","cache-control":"private","x-xss-protection":"0","x-frame-options":"SAMEORIGIN","x-content-type-options":"nosniff","alt-svc":"h3-29=\":443\"; ma=2592000,h3-27=\":443\"; ma=2592000,h3-T051=\":443\"; ma=2592000,h3-T050=\":443\"; ma=2592000,h3-Q050=\":443\"; ma=2592000,h3-Q046=\":443\"; ma=2592000,h3-Q043=\":443\"; ma=2592000,quic=\":443\"; ma=2592000; v=\"46,43\"","accept-ranges":"none","transfer-encoding":"chunked"}
[debug] [2020-09-11T23:02:56.807Z] >>> HTTP REQUEST GET https://firebase.googleapis.com/v1beta1/projects/challenge-cb568/webApps/-/config  
 
[debug] [2020-09-11T23:02:57.472Z] <<< HTTP RESPONSE 200 {"content-type":"application/json; charset=UTF-8","vary":"X-Origin, Referer, Origin,Accept-Encoding","date":"Fri, 11 Sep 2020 23:02:57 GMT","server":"ESF","cache-control":"private","x-xss-protection":"0","x-frame-options":"SAMEORIGIN","x-content-type-options":"nosniff","alt-svc":"h3-29=\":443\"; ma=2592000,h3-27=\":443\"; ma=2592000,h3-T051=\":443\"; ma=2592000,h3-T050=\":443\"; ma=2592000,h3-Q050=\":443\"; ma=2592000,h3-Q046=\":443\"; ma=2592000,h3-Q043=\":443\"; ma=2592000,quic=\":443\"; ma=2592000; v=\"46,43\"","accept-ranges":"none","transfer-encoding":"chunked"}
[info] i  hosting: Serving hosting files from: build {"metadata":{"emulator":{"name":"hosting"},"message":"Serving hosting files from: \u001b[1mbuild\u001b[22m"}}
[info] ✔  hosting: Local server: http://localhost:5000 {"metadata":{"emulator":{"name":"hosting"},"message":"Local server: \u001b[4m\u001b[1mhttp://localhost:5000\u001b[22m\u001b[24m"}}
[debug] [2020-09-11T23:02:57.776Z] Ignoring unsupported arg: auto_download {"metadata":{"emulator":{"name":"ui"},"message":"Ignoring unsupported arg: auto_download"}}
[debug] [2020-09-11T23:02:57.776Z] Ignoring unsupported arg: port {"metadata":{"emulator":{"name":"ui"},"message":"Ignoring unsupported arg: port"}}
[debug] [2020-09-11T23:02:57.776Z] Starting Emulator UI with command {"binary":"node","args":["/Users/faustologiudice/.cache/firebase/emulators/ui-v1.1.1/server.bundle.js"],"optionalArgs":[],"joinArgs":false} {"metadata":{"emulator":{"name":"ui"},"message":"Starting Emulator UI with command {\"binary\":\"node\",\"args\":[\"/Users/faustologiudice/.cache/firebase/emulators/ui-v1.1.1/server.bundle.js\"],\"optionalArgs\":[],\"joinArgs\":false}"}}
[info] i  ui: Emulator UI logging to ui-debug.log {"metadata":{"emulator":{"name":"ui"},"message":"Emulator UI logging to \u001b[1mui-debug.log\u001b[22m"}}
[debug] [2020-09-11T23:02:57.910Z] Web / API server started at http://localhost:4000
 {"metadata":{"emulator":{"name":"ui"},"message":"Web / API server started at http://localhost:4000\n"}}
[info] i  functions: Watching "/Applications/XCode Apps/amazon-clone/functions" for Cloud Functions... {"metadata":{"emulator":{"name":"functions"},"message":"Watching \"/Applications/XCode Apps/amazon-clone/functions\" for Cloud Functions..."}}
[debug] [2020-09-11T23:02:58.051Z] [worker-pool] addWorker(~diagnostic~) {"metadata":{"emulator":{"name":"functions"},"message":"[worker-pool] addWorker(~diagnostic~)"}}
[debug] [2020-09-11T23:02:58.051Z] [worker-pool] Adding worker with key ~diagnostic~, total=1 {"metadata":{"emulator":{"name":"functions"},"message":"[worker-pool] Adding worker with key ~diagnostic~, total=1"}}
[debug] [2020-09-11T23:02:58.052Z] [worker-pool] submitWork(triggerId=) {"metadata":{"emulator":{"name":"functions"},"message":"[worker-pool] submitWork(triggerId=)"}}
[debug] [2020-09-11T23:02:58.052Z] [worker-~diagnostic~-4e6fb07b-28c5-46e9-bf9c-f40720f47249]: Assigning socketPath: /var/folders/tl/ngzdzvxj3nd29p8341ndnp2c0000gn/T/fire_emu_6223.sock {"metadata":{"emulator":{"name":"functions"},"message":"[worker-~diagnostic~-4e6fb07b-28c5-46e9-bf9c-f40720f47249]: Assigning socketPath: /var/folders/tl/ngzdzvxj3nd29p8341ndnp2c0000gn/T/fire_emu_6223.sock"}}
[debug] [2020-09-11T23:02:58.053Z] [worker-~diagnostic~-4e6fb07b-28c5-46e9-bf9c-f40720f47249]: BUSY {"metadata":{"emulator":{"name":"functions"},"message":"[worker-~diagnostic~-4e6fb07b-28c5-46e9-bf9c-f40720f47249]: BUSY"}}
[debug] [2020-09-11T23:02:58.481Z] [runtime-status] [6223] Functions runtime initialized. {"cwd":"/Applications/XCode Apps/amazon-clone/functions","node_version":"12.18.3"} {"metadata":{"emulator":{"name":"functions"},"message":"[runtime-status] [6223] Functions runtime initialized. {\"cwd\":\"/Applications/XCode Apps/amazon-clone/functions\",\"node_version\":\"12.18.3\"}"}}
[debug] [2020-09-11T23:02:58.483Z] [runtime-status] [6223] Disabled runtime features: undefined {"metadata":{"emulator":{"name":"functions"},"message":"[runtime-status] [6223] Disabled runtime features: undefined"}}
[debug] [2020-09-11T23:02:58.487Z] [runtime-status] [6223] Resolved module firebase-admin {"declared":true,"installed":true,"version":"8.13.0","resolution":"/Applications/XCode Apps/amazon-clone/functions/node_modules/firebase-admin/lib/index.js"} {"metadata":{"emulator":{"name":"functions"},"message":"[runtime-status] [6223] Resolved module firebase-admin {\"declared\":true,\"installed\":true,\"version\":\"8.13.0\",\"resolution\":\"/Applications/XCode Apps/amazon-clone/functions/node_modules/firebase-admin/lib/index.js\"}"}}
[debug] [2020-09-11T23:02:58.491Z] [runtime-status] [6223] Resolved module firebase-functions {"declared":true,"installed":true,"version":"3.11.0","resolution":"/Applications/XCode Apps/amazon-clone/functions/node_modules/firebase-functions/lib/index.js"} {"metadata":{"emulator":{"name":"functions"},"message":"[runtime-status] [6223] Resolved module firebase-functions {\"declared\":true,\"installed\":true,\"version\":\"3.11.0\",\"resolution\":\"/Applications/XCode Apps/amazon-clone/functions/node_modules/firebase-functions/lib/index.js\"}"}}
[debug] [2020-09-11T23:02:58.493Z] [runtime-status] [6223] Resolved module firebase-functions {"declared":true,"installed":true,"version":"3.11.0","resolution":"/Applications/XCode Apps/amazon-clone/functions/node_modules/firebase-functions/lib/index.js"} {"metadata":{"emulator":{"name":"functions"},"message":"[runtime-status] [6223] Resolved module firebase-functions {\"declared\":true,\"installed\":true,\"version\":\"3.11.0\",\"resolution\":\"/Applications/XCode Apps/amazon-clone/functions/node_modules/firebase-functions/lib/index.js\"}"}}
[debug] [2020-09-11T23:02:58.495Z] [runtime-status] [6223] Outgoing network have been stubbed. [{"name":"http","status":"mocked"},{"name":"http","status":"mocked"},{"name":"https","status":"mocked"},{"name":"https","status":"mocked"},{"name":"net","status":"mocked"}] {"metadata":{"emulator":{"name":"functions"},"message":"[runtime-status] [6223] Outgoing network have been stubbed. [{\"name\":\"http\",\"status\":\"mocked\"},{\"name\":\"http\",\"status\":\"mocked\"},{\"name\":\"https\",\"status\":\"mocked\"},{\"name\":\"https\",\"status\":\"mocked\"},{\"name\":\"net\",\"status\":\"mocked\"}]"}}
[debug] [2020-09-11T23:02:58.496Z] [runtime-status] [6223] Resolved module firebase-functions {"declared":true,"installed":true,"version":"3.11.0","resolution":"/Applications/XCode Apps/amazon-clone/functions/node_modules/firebase-functions/lib/index.js"} {"metadata":{"emulator":{"name":"functions"},"message":"[runtime-status] [6223] Resolved module firebase-functions {\"declared\":true,\"installed\":true,\"version\":\"3.11.0\",\"resolution\":\"/Applications/XCode Apps/amazon-clone/functions/node_modules/firebase-functions/lib/index.js\"}"}}
[debug] [2020-09-11T23:02:58.547Z] [runtime-status] [6223] Checked functions.config() {"config":{}} {"metadata":{"emulator":{"name":"functions"},"message":"[runtime-status] [6223] Checked functions.config() {\"config\":{}}"}}
[debug] [2020-09-11T23:02:58.548Z] [runtime-status] [6223] firebase-functions has been stubbed. {"functionsResolution":{"declared":true,"installed":true,"version":"3.11.0","resolution":"/Applications/XCode Apps/amazon-clone/functions/node_modules/firebase-functions/lib/index.js"}} {"metadata":{"emulator":{"name":"functions"},"message":"[runtime-status] [6223] firebase-functions has been stubbed. {\"functionsResolution\":{\"declared\":true,\"installed\":true,\"version\":\"3.11.0\",\"resolution\":\"/Applications/XCode Apps/amazon-clone/functions/node_modules/firebase-functions/lib/index.js\"}}"}}
[debug] [2020-09-11T23:02:58.548Z] [runtime-status] [6223] Resolved module firebase-functions {"declared":true,"installed":true,"version":"3.11.0","resolution":"/Applications/XCode Apps/amazon-clone/functions/node_modules/firebase-functions/lib/index.js"} {"metadata":{"emulator":{"name":"functions"},"message":"[runtime-status] [6223] Resolved module firebase-functions {\"declared\":true,\"installed\":true,\"version\":\"3.11.0\",\"resolution\":\"/Applications/XCode Apps/amazon-clone/functions/node_modules/firebase-functions/lib/index.js\"}"}}
[debug] [2020-09-11T23:02:58.549Z] [runtime-status] [6223] Resolved module firebase-admin {"declared":true,"installed":true,"version":"8.13.0","resolution":"/Applications/XCode Apps/amazon-clone/functions/node_modules/firebase-admin/lib/index.js"} {"metadata":{"emulator":{"name":"functions"},"message":"[runtime-status] [6223] Resolved module firebase-admin {\"declared\":true,\"installed\":true,\"version\":\"8.13.0\",\"resolution\":\"/Applications/XCode Apps/amazon-clone/functions/node_modules/firebase-admin/lib/index.js\"}"}}
[debug] [2020-09-11T23:02:58.550Z] [runtime-status] [6223] Resolved module firebase-functions {"declared":true,"installed":true,"version":"3.11.0","resolution":"/Applications/XCode Apps/amazon-clone/functions/node_modules/firebase-functions/lib/index.js"} {"metadata":{"emulator":{"name":"functions"},"message":"[runtime-status] [6223] Resolved module firebase-functions {\"declared\":true,\"installed\":true,\"version\":\"3.11.0\",\"resolution\":\"/Applications/XCode Apps/amazon-clone/functions/node_modules/firebase-functions/lib/index.js\"}"}}
[debug] [2020-09-11T23:02:58.550Z] [runtime-status] [6223] firebase-admin has been stubbed. {"adminResolution":{"declared":true,"installed":true,"version":"8.13.0","resolution":"/Applications/XCode Apps/amazon-clone/functions/node_modules/firebase-admin/lib/index.js"}} {"metadata":{"emulator":{"name":"functions"},"message":"[runtime-status] [6223] firebase-admin has been stubbed. {\"adminResolution\":{\"declared\":true,\"installed\":true,\"version\":\"8.13.0\",\"resolution\":\"/Applications/XCode Apps/amazon-clone/functions/node_modules/firebase-admin/lib/index.js\"}}"}}
[info] ✔  functions[api]: http function initialized (http://localhost:5001/challenge-cb568/us-central1/api). {"metadata":{"emulator":{"name":"functions"},"message":"\u001b[1mhttp\u001b[22m function initialized (http://localhost:5001/challenge-cb568/us-central1/api)."}}
[info] 
┌───────────────────────────────────────────────────────────────────────┐
│ ✔  All emulators ready! View status and logs at http://localhost:4000 │
└───────────────────────────────────────────────────────────────────────┘

┌───────────┬────────────────┬─────────────────────────────────┐
│ Emulator  │ Host:Port      │ View in Emulator UI             │
├───────────┼────────────────┼─────────────────────────────────┤
│ Functions │ localhost:5001 │ http://localhost:4000/functions │
├───────────┼────────────────┼─────────────────────────────────┤
│ Hosting   │ localhost:5000 │ n/a                             │
└───────────┴────────────────┴─────────────────────────────────┘
  Other reserved ports: 4400, 4500

Issues? Report them at https://github.com/firebase/firebase-tools/issues and attach the *-debug.log files.
 
[debug] [2020-09-11T23:02:58.709Z] [worker-~diagnostic~-4e6fb07b-28c5-46e9-bf9c-f40720f47249]: IDLE {"metadata":{"emulator":{"name":"functions"},"message":"[worker-~diagnostic~-4e6fb07b-28c5-46e9-bf9c-f40720f47249]: IDLE"}}
[debug] [2020-09-11T23:03:05.474Z] [work-queue] {"queueLength":1,"workRunningCount":0}
[debug] [2020-09-11T23:03:05.474Z] [work-queue] {"queueLength":0,"workRunningCount":1}
[debug] [2020-09-11T23:03:05.475Z] Accepted request GET /challenge-cb568/us-central1/api --> api
[debug] [2020-09-11T23:03:05.486Z] [worker-pool] addWorker(api) {"metadata":{"emulator":{"name":"functions"},"message":"[worker-pool] addWorker(api)"}}
[debug] [2020-09-11T23:03:05.486Z] [worker-pool] Adding worker with key api, total=1 {"metadata":{"emulator":{"name":"functions"},"message":"[worker-pool] Adding worker with key api, total=1"}}
[debug] [2020-09-11T23:03:05.487Z] [worker-pool] submitWork(triggerId=api) {"metadata":{"emulator":{"name":"functions"},"message":"[worker-pool] submitWork(triggerId=api)"}}
[debug] [2020-09-11T23:03:05.492Z] [worker-api-6799d4e9-aa79-44a4-9167-81ccae82710a]: Assigning socketPath: /var/folders/tl/ngzdzvxj3nd29p8341ndnp2c0000gn/T/fire_emu_6232.sock {"metadata":{"emulator":{"name":"functions"},"message":"[worker-api-6799d4e9-aa79-44a4-9167-81ccae82710a]: Assigning socketPath: /var/folders/tl/ngzdzvxj3nd29p8341ndnp2c0000gn/T/fire_emu_6232.sock"}}
[debug] [2020-09-11T23:03:05.492Z] [worker-api-6799d4e9-aa79-44a4-9167-81ccae82710a]: BUSY {"metadata":{"emulator":{"name":"functions"},"message":"[worker-api-6799d4e9-aa79-44a4-9167-81ccae82710a]: BUSY"}}
[debug] [2020-09-11T23:03:06.176Z] [runtime-status] [6232] Functions runtime initialized. {"cwd":"/Applications/XCode Apps/amazon-clone/functions","node_version":"12.18.3"} {"metadata":{"emulator":{"name":"functions"},"function":{"name":"api"},"message":"[runtime-status] [6232] Functions runtime initialized. {\"cwd\":\"/Applications/XCode Apps/amazon-clone/functions\",\"node_version\":\"12.18.3\"}"}}
[debug] [2020-09-11T23:03:06.183Z] [runtime-status] [6232] Disabled runtime features: undefined {"metadata":{"emulator":{"name":"functions"},"function":{"name":"api"},"message":"[runtime-status] [6232] Disabled runtime features: undefined"}}
[debug] [2020-09-11T23:03:06.188Z] [runtime-status] [6232] Resolved module firebase-admin {"declared":true,"installed":true,"version":"8.13.0","resolution":"/Applications/XCode Apps/amazon-clone/functions/node_modules/firebase-admin/lib/index.js"} {"metadata":{"emulator":{"name":"functions"},"function":{"name":"api"},"message":"[runtime-status] [6232] Resolved module firebase-admin {\"declared\":true,\"installed\":true,\"version\":\"8.13.0\",\"resolution\":\"/Applications/XCode Apps/amazon-clone/functions/node_modules/firebase-admin/lib/index.js\"}"}}
[debug] [2020-09-11T23:03:06.196Z] [runtime-status] [6232] Resolved module firebase-functions {"declared":true,"installed":true,"version":"3.11.0","resolution":"/Applications/XCode Apps/amazon-clone/functions/node_modules/firebase-functions/lib/index.js"} {"metadata":{"emulator":{"name":"functions"},"function":{"name":"api"},"message":"[runtime-status] [6232] Resolved module firebase-functions {\"declared\":true,\"installed\":true,\"version\":\"3.11.0\",\"resolution\":\"/Applications/XCode Apps/amazon-clone/functions/node_modules/firebase-functions/lib/index.js\"}"}}
[debug] [2020-09-11T23:03:06.197Z] [runtime-status] [6232] Resolved module firebase-functions {"declared":true,"installed":true,"version":"3.11.0","resolution":"/Applications/XCode Apps/amazon-clone/functions/node_modules/firebase-functions/lib/index.js"} {"metadata":{"emulator":{"name":"functions"},"function":{"name":"api"},"message":"[runtime-status] [6232] Resolved module firebase-functions {\"declared\":true,\"installed\":true,\"version\":\"3.11.0\",\"resolution\":\"/Applications/XCode Apps/amazon-clone/functions/node_modules/firebase-functions/lib/index.js\"}"}}
[debug] [2020-09-11T23:03:06.200Z] [runtime-status] [6232] Outgoing network have been stubbed. [{"name":"http","status":"mocked"},{"name":"http","status":"mocked"},{"name":"https","status":"mocked"},{"name":"https","status":"mocked"},{"name":"net","status":"mocked"}] {"metadata":{"emulator":{"name":"functions"},"function":{"name":"api"},"message":"[runtime-status] [6232] Outgoing network have been stubbed. [{\"name\":\"http\",\"status\":\"mocked\"},{\"name\":\"http\",\"status\":\"mocked\"},{\"name\":\"https\",\"status\":\"mocked\"},{\"name\":\"https\",\"status\":\"mocked\"},{\"name\":\"net\",\"status\":\"mocked\"}]"}}
[debug] [2020-09-11T23:03:06.200Z] [runtime-status] [6232] Resolved module firebase-functions {"declared":true,"installed":true,"version":"3.11.0","resolution":"/Applications/XCode Apps/amazon-clone/functions/node_modules/firebase-functions/lib/index.js"} {"metadata":{"emulator":{"name":"functions"},"function":{"name":"api"},"message":"[runtime-status] [6232] Resolved module firebase-functions {\"declared\":true,\"installed\":true,\"version\":\"3.11.0\",\"resolution\":\"/Applications/XCode Apps/amazon-clone/functions/node_modules/firebase-functions/lib/index.js\"}"}}
[debug] [2020-09-11T23:03:06.247Z] [runtime-status] [6232] Checked functions.config() {"config":{}} {"metadata":{"emulator":{"name":"functions"},"function":{"name":"api"},"message":"[runtime-status] [6232] Checked functions.config() {\"config\":{}}"}}
[debug] [2020-09-11T23:03:06.247Z] [runtime-status] [6232] firebase-functions has been stubbed. {"functionsResolution":{"declared":true,"installed":true,"version":"3.11.0","resolution":"/Applications/XCode Apps/amazon-clone/functions/node_modules/firebase-functions/lib/index.js"}} {"metadata":{"emulator":{"name":"functions"},"function":{"name":"api"},"message":"[runtime-status] [6232] firebase-functions has been stubbed. {\"functionsResolution\":{\"declared\":true,\"installed\":true,\"version\":\"3.11.0\",\"resolution\":\"/Applications/XCode Apps/amazon-clone/functions/node_modules/firebase-functions/lib/index.js\"}}"}}
[debug] [2020-09-11T23:03:06.248Z] [runtime-status] [6232] Resolved module firebase-functions {"declared":true,"installed":true,"version":"3.11.0","resolution":"/Applications/XCode Apps/amazon-clone/functions/node_modules/firebase-functions/lib/index.js"} {"metadata":{"emulator":{"name":"functions"},"function":{"name":"api"},"message":"[runtime-status] [6232] Resolved module firebase-functions {\"declared\":true,\"installed\":true,\"version\":\"3.11.0\",\"resolution\":\"/Applications/XCode Apps/amazon-clone/functions/node_modules/firebase-functions/lib/index.js\"}"}}
[debug] [2020-09-11T23:03:06.249Z] [runtime-status] [6232] Resolved module firebase-admin {"declared":true,"installed":true,"version":"8.13.0","resolution":"/Applications/XCode Apps/amazon-clone/functions/node_modules/firebase-admin/lib/index.js"} {"metadata":{"emulator":{"name":"functions"},"function":{"name":"api"},"message":"[runtime-status] [6232] Resolved module firebase-admin {\"declared\":true,\"installed\":true,\"version\":\"8.13.0\",\"resolution\":\"/Applications/XCode Apps/amazon-clone/functions/node_modules/firebase-admin/lib/index.js\"}"}}
[debug] [2020-09-11T23:03:06.250Z] [runtime-status] [6232] Resolved module firebase-functions {"declared":true,"installed":true,"version":"3.11.0","resolution":"/Applications/XCode Apps/amazon-clone/functions/node_modules/firebase-functions/lib/index.js"} {"metadata":{"emulator":{"name":"functions"},"function":{"name":"api"},"message":"[runtime-status] [6232] Resolved module firebase-functions {\"declared\":true,\"installed\":true,\"version\":\"3.11.0\",\"resolution\":\"/Applications/XCode Apps/amazon-clone/functions/node_modules/firebase-functions/lib/index.js\"}"}}
[debug] [2020-09-11T23:03:06.250Z] [runtime-status] [6232] firebase-admin has been stubbed. {"adminResolution":{"declared":true,"installed":true,"version":"8.13.0","resolution":"/Applications/XCode Apps/amazon-clone/functions/node_modules/firebase-admin/lib/index.js"}} {"metadata":{"emulator":{"name":"functions"},"function":{"name":"api"},"message":"[runtime-status] [6232] firebase-admin has been stubbed. {\"adminResolution\":{\"declared\":true,\"installed\":true,\"version\":\"8.13.0\",\"resolution\":\"/Applications/XCode Apps/amazon-clone/functions/node_modules/firebase-admin/lib/index.js\"}}"}}
[debug] [2020-09-11T23:03:06.397Z] [runtime-status] [6232] Trigger "api" has been found, beginning invocation! {"metadata":{"emulator":{"name":"functions"},"function":{"name":"api"},"message":"[runtime-status] [6232] Trigger \"api\" has been found, beginning invocation!"}}
[info] i  functions: Beginning execution of "api" {"metadata":{"emulator":{"name":"functions"},"function":{"name":"api"},"message":"Beginning execution of \"api\""}}
[debug] [2020-09-11T23:03:06.398Z] [runtime-status] [6232] triggerDefinition {"httpsTrigger":{},"name":"api","entryPoint":"api"} {"metadata":{"emulator":{"name":"functions"},"function":{"name":"api"},"message":"[runtime-status] [6232] triggerDefinition {\"httpsTrigger\":{},\"name\":\"api\",\"entryPoint\":\"api\"}"}}
[debug] [2020-09-11T23:03:06.398Z] [runtime-status] [6232] Running api in mode HTTPS {"metadata":{"emulator":{"name":"functions"},"function":{"name":"api"},"message":"[runtime-status] [6232] Running api in mode HTTPS"}}
[debug] [2020-09-11T23:03:06.406Z] [runtime-status] [6232] Attempting to listen to socketPath: /var/folders/tl/ngzdzvxj3nd29p8341ndnp2c0000gn/T/fire_emu_6232.sock {"metadata":{"emulator":{"name":"functions"},"function":{"name":"api"},"message":"[runtime-status] [6232] Attempting to listen to socketPath: /var/folders/tl/ngzdzvxj3nd29p8341ndnp2c0000gn/T/fire_emu_6232.sock"}}
[debug] [2020-09-11T23:03:06.414Z] [functions] Runtime ready! Sending request! {"metadata":{"emulator":{"name":"functions"},"message":"[functions] Runtime ready! Sending request!"}}
[debug] [2020-09-11T23:03:06.434Z] [runtime-status] [6232] Ephemeral server handling GET request {"metadata":{"emulator":{"name":"functions"},"function":{"name":"api"},"message":"[runtime-status] [6232] Ephemeral server handling GET request"}}
[debug] [2020-09-11T23:03:06.446Z] [runtime-status] [6232] Ephemeral server survived. {"metadata":{"emulator":{"name":"functions"},"function":{"name":"api"},"message":"[runtime-status] [6232] Ephemeral server survived."}}
[info] i  functions: Finished "api" in ~1s {"metadata":{"emulator":{"name":"functions"},"function":{"name":"api"},"message":"Finished \"api\" in ~1s"}}
[debug] [2020-09-11T23:03:06.460Z] [worker-api-6799d4e9-aa79-44a4-9167-81ccae82710a]: IDLE {"metadata":{"emulator":{"name":"functions"},"message":"[worker-api-6799d4e9-aa79-44a4-9167-81ccae82710a]: IDLE"}}
[debug] [2020-09-11T23:03:06.462Z] [work-queue] {"queueLength":0,"workRunningCount":0}
[debug] [2020-09-11T23:03:19.138Z] [work-queue] {"queueLength":1,"workRunningCount":0}
[debug] [2020-09-11T23:03:19.142Z] [work-queue] {"queueLength":0,"workRunningCount":1}
[debug] [2020-09-11T23:03:19.142Z] Accepted request POST /challenge-cb568/us-central1/api/payments/create?total=13397.999999999998 --> api
[debug] [2020-09-11T23:03:19.143Z] [worker-pool] submitWork(triggerId=api) {"metadata":{"emulator":{"name":"functions"},"message":"[worker-pool] submitWork(triggerId=api)"}}
[debug] [2020-09-11T23:03:19.143Z] [worker-api-6799d4e9-aa79-44a4-9167-81ccae82710a]: Assigning socketPath: /var/folders/tl/ngzdzvxj3nd29p8341ndnp2c0000gn/T/fire_emu_6232.sock {"metadata":{"emulator":{"name":"functions"},"message":"[worker-api-6799d4e9-aa79-44a4-9167-81ccae82710a]: Assigning socketPath: /var/folders/tl/ngzdzvxj3nd29p8341ndnp2c0000gn/T/fire_emu_6232.sock"}}
[debug] [2020-09-11T23:03:19.143Z] [worker-api-6799d4e9-aa79-44a4-9167-81ccae82710a]: BUSY {"metadata":{"emulator":{"name":"functions"},"message":"[worker-api-6799d4e9-aa79-44a4-9167-81ccae82710a]: BUSY"}}
[debug] [2020-09-11T23:03:19.148Z] [runtime-status] [6232] Trigger "api" has been found, beginning invocation! {"metadata":{"emulator":{"name":"functions"},"function":{"name":"api"},"message":"[runtime-status] [6232] Trigger \"api\" has been found, beginning invocation!"}}
[info] i  functions: Beginning execution of "api" {"metadata":{"emulator":{"name":"functions"},"function":{"name":"api"},"message":"Beginning execution of \"api\""}}
[debug] [2020-09-11T23:03:19.148Z] [runtime-status] [6232] triggerDefinition {"httpsTrigger":{},"name":"api","entryPoint":"api"} {"metadata":{"emulator":{"name":"functions"},"function":{"name":"api"},"message":"[runtime-status] [6232] triggerDefinition {\"httpsTrigger\":{},\"name\":\"api\",\"entryPoint\":\"api\"}"}}
[debug] [2020-09-11T23:03:19.149Z] [runtime-status] [6232] Running api in mode HTTPS {"metadata":{"emulator":{"name":"functions"},"function":{"name":"api"},"message":"[runtime-status] [6232] Running api in mode HTTPS"}}
[debug] [2020-09-11T23:03:19.149Z] [runtime-status] [6232] Attempting to listen to socketPath: /var/folders/tl/ngzdzvxj3nd29p8341ndnp2c0000gn/T/fire_emu_6232.sock {"metadata":{"emulator":{"name":"functions"},"function":{"name":"api"},"message":"[runtime-status] [6232] Attempting to listen to socketPath: /var/folders/tl/ngzdzvxj3nd29p8341ndnp2c0000gn/T/fire_emu_6232.sock"}}
[debug] [2020-09-11T23:03:19.150Z] [functions] Runtime ready! Sending request! {"metadata":{"emulator":{"name":"functions"},"message":"[functions] Runtime ready! Sending request!"}}
[debug] [2020-09-11T23:03:19.158Z] [runtime-status] [6232] Ephemeral server handling POST request {"metadata":{"emulator":{"name":"functions"},"function":{"name":"api"},"message":"[runtime-status] [6232] Ephemeral server handling POST request"}}
[info] >  Payment request recieved boom! for this amount >>> 13397.999999999998 {"user":"Payment request recieved boom! for this amount >>> 13397.999999999998","metadata":{"emulator":{"name":"functions"},"function":{"name":"api"},"message":"\u001b[90m> \u001b[39m Payment request recieved boom! for this amount >>> 13397.999999999998"}}
[debug] [2020-09-11T23:03:19.181Z] [runtime-status] [6232] Ephemeral server survived. {"metadata":{"emulator":{"name":"functions"},"function":{"name":"api"},"message":"[runtime-status] [6232] Ephemeral server survived."}}
[info] >  (node:6232) UnhandledPromiseRejectionWarning: Error: Invalid integer: 13397.999999999998 {"user":"(node:6232) UnhandledPromiseRejectionWarning: Error: Invalid integer: 13397.999999999998","metadata":{"emulator":{"name":"functions"},"function":{"name":"api"},"message":"\u001b[90m> \u001b[39m (node:6232) UnhandledPromiseRejectionWarning: Error: Invalid integer: 13397.999999999998"}}
[info] >      at Function.generate (/Applications/XCode Apps/amazon-clone/functions/node_modules/stripe/lib/Error.js:39:16) {"user":"    at Function.generate (/Applications/XCode Apps/amazon-clone/functions/node_modules/stripe/lib/Error.js:39:16)","metadata":{"emulator":{"name":"functions"},"function":{"name":"api"},"message":"\u001b[90m> \u001b[39m     at Function.generate (/Applications/XCode Apps/amazon-clone/functions/node_modules/stripe/lib/Error.js:39:16)"}}
[info] >      at IncomingMessage.<anonymous> (/Applications/XCode Apps/amazon-clone/functions/node_modules/stripe/lib/StripeResource.js:190:33) {"user":"    at IncomingMessage.<anonymous> (/Applications/XCode Apps/amazon-clone/functions/node_modules/stripe/lib/StripeResource.js:190:33)","metadata":{"emulator":{"name":"functions"},"function":{"name":"api"},"message":"\u001b[90m> \u001b[39m     at IncomingMessage.<anonymous> (/Applications/XCode Apps/amazon-clone/functions/node_modules/stripe/lib/StripeResource.js:190:33)"}}
[info] >      at Object.onceWrapper (events.js:421:28) {"user":"    at Object.onceWrapper (events.js:421:28)","metadata":{"emulator":{"name":"functions"},"function":{"name":"api"},"message":"\u001b[90m> \u001b[39m     at Object.onceWrapper (events.js:421:28)"}}
[info] >      at IncomingMessage.emit (events.js:327:22) {"user":"    at IncomingMessage.emit (events.js:327:22)","metadata":{"emulator":{"name":"functions"},"function":{"name":"api"},"message":"\u001b[90m> \u001b[39m     at IncomingMessage.emit (events.js:327:22)"}}
[info] >      at endReadableNT (_stream_readable.js:1220:12) {"user":"    at endReadableNT (_stream_readable.js:1220:12)","metadata":{"emulator":{"name":"functions"},"function":{"name":"api"},"message":"\u001b[90m> \u001b[39m     at endReadableNT (_stream_readable.js:1220:12)"}}
[info] >      at processTicksAndRejections (internal/process/task_queues.js:84:21) {"user":"    at processTicksAndRejections (internal/process/task_queues.js:84:21)","metadata":{"emulator":{"name":"functions"},"function":{"name":"api"},"message":"\u001b[90m> \u001b[39m     at processTicksAndRejections (internal/process/task_queues.js:84:21)"}}
[info] >  (node:6232) UnhandledPromiseRejectionWarning: Unhandled promise rejection. This error originated either by throwing inside of an async function without a catch block, or by rejecting a promise which was not handled with .catch(). To terminate the node process on unhandled promise rejection, use the CLI flag `--unhandled-rejections=strict` (see https://nodejs.org/api/cli.html#cli_unhandled_rejections_mode). (rejection id: 1) {"user":"(node:6232) UnhandledPromiseRejectionWarning: Unhandled promise rejection. This error originated either by throwing inside of an async function without a catch block, or by rejecting a promise which was not handled with .catch(). To terminate the node process on unhandled promise rejection, use the CLI flag `--unhandled-rejections=strict` (see https://nodejs.org/api/cli.html#cli_unhandled_rejections_mode). (rejection id: 1)","metadata":{"emulator":{"name":"functions"},"function":{"name":"api"},"message":"\u001b[90m> \u001b[39m (node:6232) UnhandledPromiseRejectionWarning: Unhandled promise rejection. This error originated either by throwing inside of an async function without a catch block, or by rejecting a promise which was not handled with .catch(). To terminate the node process on unhandled promise rejection, use the CLI flag `--unhandled-rejections=strict` (see https://nodejs.org/api/cli.html#cli_unhandled_rejections_mode). (rejection id: 1)"}}
[info] >  (node:6232) [DEP0018] DeprecationWarning: Unhandled promise rejections are deprecated. In the future, promise rejections that are not handled will terminate the Node.js process with a non-zero exit code. {"user":"(node:6232) [DEP0018] DeprecationWarning: Unhandled promise rejections are deprecated. In the future, promise rejections that are not handled will terminate the Node.js process with a non-zero exit code.","metadata":{"emulator":{"name":"functions"},"function":{"name":"api"},"message":"\u001b[90m> \u001b[39m (node:6232) [DEP0018] DeprecationWarning: Unhandled promise rejections are deprecated. In the future, promise rejections that are not handled will terminate the Node.js process with a non-zero exit code."}}
[warn] ⚠  functions: Your function timed out after ~60s. To configure this timeout, see
      https://firebase.google.com/docs/functions/manage-functions#set_timeout_and_memory_allocation. {"metadata":{"emulator":{"name":"functions"},"function":{"name":"api"},"message":"Your function timed out after ~60s. To configure this timeout, see\n      https://firebase.google.com/docs/functions/manage-functions#set_timeout_and_memory_allocation."}}
[info] >  /usr/local/lib/node_modules/firebase-tools/lib/emulator/functionsEmulatorRuntime.js:642 {"user":"/usr/local/lib/node_modules/firebase-tools/lib/emulator/functionsEmulatorRuntime.js:642","metadata":{"emulator":{"name":"functions"},"function":{"name":"api"},"message":"\u001b[90m> \u001b[39m /usr/local/lib/node_modules/firebase-tools/lib/emulator/functionsEmulatorRuntime.js:642"}}
[info] >                  throw new Error("Function timed out."); {"user":"                throw new Error(\"Function timed out.\");","metadata":{"emulator":{"name":"functions"},"function":{"name":"api"},"message":"\u001b[90m> \u001b[39m                 throw new Error(\"Function timed out.\");"}}
[info] >                  ^ {"user":"                ^","metadata":{"emulator":{"name":"functions"},"function":{"name":"api"},"message":"\u001b[90m> \u001b[39m                 ^"}}
[info] >   {"user":"","metadata":{"emulator":{"name":"functions"},"function":{"name":"api"},"message":"\u001b[90m> \u001b[39m "}}
[info] >  Error: Function timed out. {"user":"Error: Function timed out.","metadata":{"emulator":{"name":"functions"},"function":{"name":"api"},"message":"\u001b[90m> \u001b[39m Error: Function timed out."}}
[info] >      at Timeout._onTimeout (/usr/local/lib/node_modules/firebase-tools/lib/emulator/functionsEmulatorRuntime.js:642:23) {"user":"    at Timeout._onTimeout (/usr/local/lib/node_modules/firebase-tools/lib/emulator/functionsEmulatorRuntime.js:642:23)","metadata":{"emulator":{"name":"functions"},"function":{"name":"api"},"message":"\u001b[90m> \u001b[39m     at Timeout._onTimeout (/usr/local/lib/node_modules/firebase-tools/lib/emulator/functionsEmulatorRuntime.js:642:23)"}}
[info] >      at listOnTimeout (internal/timers.js:549:17) {"user":"    at listOnTimeout (internal/timers.js:549:17)","metadata":{"emulator":{"name":"functions"},"function":{"name":"api"},"message":"\u001b[90m> \u001b[39m     at listOnTimeout (internal/timers.js:549:17)"}}
[info] >      at processTimers (internal/timers.js:492:7) {"user":"    at processTimers (internal/timers.js:492:7)","metadata":{"emulator":{"name":"functions"},"function":{"name":"api"},"message":"\u001b[90m> \u001b[39m     at processTimers (internal/timers.js:492:7)"}}
[debug] [2020-09-11T23:04:19.178Z] [worker-api-6799d4e9-aa79-44a4-9167-81ccae82710a]: exited {"metadata":{"emulator":{"name":"functions"},"message":"[worker-api-6799d4e9-aa79-44a4-9167-81ccae82710a]: exited"}}
[debug] [2020-09-11T23:04:19.179Z] [worker-api-6799d4e9-aa79-44a4-9167-81ccae82710a]: FINISHED {"metadata":{"emulator":{"name":"functions"},"message":"[worker-api-6799d4e9-aa79-44a4-9167-81ccae82710a]: FINISHED"}}
[debug] [2020-09-11T23:04:19.179Z] [work-queue] {"queueLength":0,"workRunningCount":0}
[debug] [2020-09-11T23:13:17.063Z] [work-queue] {"queueLength":1,"workRunningCount":0}
[debug] [2020-09-11T23:13:17.064Z] [work-queue] {"queueLength":0,"workRunningCount":1}
[debug] [2020-09-11T23:13:17.064Z] Accepted request POST /challenge-cb568/us-central1/api/payments/create?total=13397.999999999998 --> api
[debug] [2020-09-11T23:13:17.064Z] [worker-pool] Cleaned up workers for api: 1 --> 0 {"metadata":{"emulator":{"name":"functions"},"message":"[worker-pool] Cleaned up workers for api: 1 --> 0"}}
[debug] [2020-09-11T23:13:17.077Z] [worker-pool] addWorker(api) {"metadata":{"emulator":{"name":"functions"},"message":"[worker-pool] addWorker(api)"}}
[debug] [2020-09-11T23:13:17.077Z] [worker-pool] Adding worker with key api, total=1 {"metadata":{"emulator":{"name":"functions"},"message":"[worker-pool] Adding worker with key api, total=1"}}
[debug] [2020-09-11T23:13:17.077Z] [worker-pool] submitWork(triggerId=api) {"metadata":{"emulator":{"name":"functions"},"message":"[worker-pool] submitWork(triggerId=api)"}}
[debug] [2020-09-11T23:13:17.078Z] [worker-api-6a792a3c-3ca2-4705-bf75-9a4bc2ebc8f9]: Assigning socketPath: /var/folders/tl/ngzdzvxj3nd29p8341ndnp2c0000gn/T/fire_emu_6363.sock {"metadata":{"emulator":{"name":"functions"},"message":"[worker-api-6a792a3c-3ca2-4705-bf75-9a4bc2ebc8f9]: Assigning socketPath: /var/folders/tl/ngzdzvxj3nd29p8341ndnp2c0000gn/T/fire_emu_6363.sock"}}
[debug] [2020-09-11T23:13:17.078Z] [worker-api-6a792a3c-3ca2-4705-bf75-9a4bc2ebc8f9]: BUSY {"metadata":{"emulator":{"name":"functions"},"message":"[worker-api-6a792a3c-3ca2-4705-bf75-9a4bc2ebc8f9]: BUSY"}}
[debug] [2020-09-11T23:13:17.594Z] [runtime-status] [6363] Functions runtime initialized. {"cwd":"/Applications/XCode Apps/amazon-clone/functions","node_version":"12.18.3"} {"metadata":{"emulator":{"name":"functions"},"function":{"name":"api"},"message":"[runtime-status] [6363] Functions runtime initialized. {\"cwd\":\"/Applications/XCode Apps/amazon-clone/functions\",\"node_version\":\"12.18.3\"}"}}
[debug] [2020-09-11T23:13:17.598Z] [runtime-status] [6363] Disabled runtime features: undefined {"metadata":{"emulator":{"name":"functions"},"function":{"name":"api"},"message":"[runtime-status] [6363] Disabled runtime features: undefined"}}
[debug] [2020-09-11T23:13:17.605Z] [runtime-status] [6363] Resolved module firebase-admin {"declared":true,"installed":true,"version":"8.13.0","resolution":"/Applications/XCode Apps/amazon-clone/functions/node_modules/firebase-admin/lib/index.js"} {"metadata":{"emulator":{"name":"functions"},"function":{"name":"api"},"message":"[runtime-status] [6363] Resolved module firebase-admin {\"declared\":true,\"installed\":true,\"version\":\"8.13.0\",\"resolution\":\"/Applications/XCode Apps/amazon-clone/functions/node_modules/firebase-admin/lib/index.js\"}"}}
[debug] [2020-09-11T23:13:17.606Z] [runtime-status] [6363] Resolved module firebase-functions {"declared":true,"installed":true,"version":"3.11.0","resolution":"/Applications/XCode Apps/amazon-clone/functions/node_modules/firebase-functions/lib/index.js"} {"metadata":{"emulator":{"name":"functions"},"function":{"name":"api"},"message":"[runtime-status] [6363] Resolved module firebase-functions {\"declared\":true,\"installed\":true,\"version\":\"3.11.0\",\"resolution\":\"/Applications/XCode Apps/amazon-clone/functions/node_modules/firebase-functions/lib/index.js\"}"}}
[debug] [2020-09-11T23:13:17.606Z] [runtime-status] [6363] Resolved module firebase-functions {"declared":true,"installed":true,"version":"3.11.0","resolution":"/Applications/XCode Apps/amazon-clone/functions/node_modules/firebase-functions/lib/index.js"} {"metadata":{"emulator":{"name":"functions"},"function":{"name":"api"},"message":"[runtime-status] [6363] Resolved module firebase-functions {\"declared\":true,\"installed\":true,\"version\":\"3.11.0\",\"resolution\":\"/Applications/XCode Apps/amazon-clone/functions/node_modules/firebase-functions/lib/index.js\"}"}}
[debug] [2020-09-11T23:13:17.609Z] [runtime-status] [6363] Outgoing network have been stubbed. [{"name":"http","status":"mocked"},{"name":"http","status":"mocked"},{"name":"https","status":"mocked"},{"name":"https","status":"mocked"},{"name":"net","status":"mocked"}] {"metadata":{"emulator":{"name":"functions"},"function":{"name":"api"},"message":"[runtime-status] [6363] Outgoing network have been stubbed. [{\"name\":\"http\",\"status\":\"mocked\"},{\"name\":\"http\",\"status\":\"mocked\"},{\"name\":\"https\",\"status\":\"mocked\"},{\"name\":\"https\",\"status\":\"mocked\"},{\"name\":\"net\",\"status\":\"mocked\"}]"}}
[debug] [2020-09-11T23:13:17.611Z] [runtime-status] [6363] Resolved module firebase-functions {"declared":true,"installed":true,"version":"3.11.0","resolution":"/Applications/XCode Apps/amazon-clone/functions/node_modules/firebase-functions/lib/index.js"} {"metadata":{"emulator":{"name":"functions"},"function":{"name":"api"},"message":"[runtime-status] [6363] Resolved module firebase-functions {\"declared\":true,\"installed\":true,\"version\":\"3.11.0\",\"resolution\":\"/Applications/XCode Apps/amazon-clone/functions/node_modules/firebase-functions/lib/index.js\"}"}}
[debug] [2020-09-11T23:13:17.673Z] [runtime-status] [6363] Checked functions.config() {"config":{}} {"metadata":{"emulator":{"name":"functions"},"function":{"name":"api"},"message":"[runtime-status] [6363] Checked functions.config() {\"config\":{}}"}}
[debug] [2020-09-11T23:13:17.673Z] [runtime-status] [6363] firebase-functions has been stubbed. {"functionsResolution":{"declared":true,"installed":true,"version":"3.11.0","resolution":"/Applications/XCode Apps/amazon-clone/functions/node_modules/firebase-functions/lib/index.js"}} {"metadata":{"emulator":{"name":"functions"},"function":{"name":"api"},"message":"[runtime-status] [6363] firebase-functions has been stubbed. {\"functionsResolution\":{\"declared\":true,\"installed\":true,\"version\":\"3.11.0\",\"resolution\":\"/Applications/XCode Apps/amazon-clone/functions/node_modules/firebase-functions/lib/index.js\"}}"}}
[debug] [2020-09-11T23:13:17.674Z] [runtime-status] [6363] Resolved module firebase-functions {"declared":true,"installed":true,"version":"3.11.0","resolution":"/Applications/XCode Apps/amazon-clone/functions/node_modules/firebase-functions/lib/index.js"} {"metadata":{"emulator":{"name":"functions"},"function":{"name":"api"},"message":"[runtime-status] [6363] Resolved module firebase-functions {\"declared\":true,\"installed\":true,\"version\":\"3.11.0\",\"resolution\":\"/Applications/XCode Apps/amazon-clone/functions/node_modules/firebase-functions/lib/index.js\"}"}}
[debug] [2020-09-11T23:13:17.676Z] [runtime-status] [6363] Resolved module firebase-admin {"declared":true,"installed":true,"version":"8.13.0","resolution":"/Applications/XCode Apps/amazon-clone/functions/node_modules/firebase-admin/lib/index.js"} {"metadata":{"emulator":{"name":"functions"},"function":{"name":"api"},"message":"[runtime-status] [6363] Resolved module firebase-admin {\"declared\":true,\"installed\":true,\"version\":\"8.13.0\",\"resolution\":\"/Applications/XCode Apps/amazon-clone/functions/node_modules/firebase-admin/lib/index.js\"}"}}
[debug] [2020-09-11T23:13:17.677Z] [runtime-status] [6363] Resolved module firebase-functions {"declared":true,"installed":true,"version":"3.11.0","resolution":"/Applications/XCode Apps/amazon-clone/functions/node_modules/firebase-functions/lib/index.js"} {"metadata":{"emulator":{"name":"functions"},"function":{"name":"api"},"message":"[runtime-status] [6363] Resolved module firebase-functions {\"declared\":true,\"installed\":true,\"version\":\"3.11.0\",\"resolution\":\"/Applications/XCode Apps/amazon-clone/functions/node_modules/firebase-functions/lib/index.js\"}"}}
[debug] [2020-09-11T23:13:17.677Z] [runtime-status] [6363] firebase-admin has been stubbed. {"adminResolution":{"declared":true,"installed":true,"version":"8.13.0","resolution":"/Applications/XCode Apps/amazon-clone/functions/node_modules/firebase-admin/lib/index.js"}} {"metadata":{"emulator":{"name":"functions"},"function":{"name":"api"},"message":"[runtime-status] [6363] firebase-admin has been stubbed. {\"adminResolution\":{\"declared\":true,\"installed\":true,\"version\":\"8.13.0\",\"resolution\":\"/Applications/XCode Apps/amazon-clone/functions/node_modules/firebase-admin/lib/index.js\"}}"}}
[debug] [2020-09-11T23:13:17.892Z] [runtime-status] [6363] Trigger "api" has been found, beginning invocation! {"metadata":{"emulator":{"name":"functions"},"function":{"name":"api"},"message":"[runtime-status] [6363] Trigger \"api\" has been found, beginning invocation!"}}
[info] i  functions: Beginning execution of "api" {"metadata":{"emulator":{"name":"functions"},"function":{"name":"api"},"message":"Beginning execution of \"api\""}}
[debug] [2020-09-11T23:13:17.893Z] [runtime-status] [6363] triggerDefinition {"httpsTrigger":{},"name":"api","entryPoint":"api"} {"metadata":{"emulator":{"name":"functions"},"function":{"name":"api"},"message":"[runtime-status] [6363] triggerDefinition {\"httpsTrigger\":{},\"name\":\"api\",\"entryPoint\":\"api\"}"}}
[debug] [2020-09-11T23:13:17.893Z] [runtime-status] [6363] Running api in mode HTTPS {"metadata":{"emulator":{"name":"functions"},"function":{"name":"api"},"message":"[runtime-status] [6363] Running api in mode HTTPS"}}
[debug] [2020-09-11T23:13:17.905Z] [runtime-status] [6363] Attempting to listen to socketPath: /var/folders/tl/ngzdzvxj3nd29p8341ndnp2c0000gn/T/fire_emu_6363.sock {"metadata":{"emulator":{"name":"functions"},"function":{"name":"api"},"message":"[runtime-status] [6363] Attempting to listen to socketPath: /var/folders/tl/ngzdzvxj3nd29p8341ndnp2c0000gn/T/fire_emu_6363.sock"}}
[debug] [2020-09-11T23:13:17.910Z] [functions] Runtime ready! Sending request! {"metadata":{"emulator":{"name":"functions"},"message":"[functions] Runtime ready! Sending request!"}}
[debug] [2020-09-11T23:13:17.924Z] [runtime-status] [6363] Ephemeral server handling POST request {"metadata":{"emulator":{"name":"functions"},"function":{"name":"api"},"message":"[runtime-status] [6363] Ephemeral server handling POST request"}}
[info] >  Payment request recieved boom! for this amount >>> 13397.999999999998 {"user":"Payment request recieved boom! for this amount >>> 13397.999999999998","metadata":{"emulator":{"name":"functions"},"function":{"name":"api"},"message":"\u001b[90m> \u001b[39m Payment request recieved boom! for this amount >>> 13397.999999999998"}}
[debug] [2020-09-11T23:13:17.950Z] [runtime-status] [6363] Ephemeral server survived. {"metadata":{"emulator":{"name":"functions"},"function":{"name":"api"},"message":"[runtime-status] [6363] Ephemeral server survived."}}
[info] >  (node:6363) UnhandledPromiseRejectionWarning: Error: Invalid integer: 13397.999999999998 {"user":"(node:6363) UnhandledPromiseRejectionWarning: Error: Invalid integer: 13397.999999999998","metadata":{"emulator":{"name":"functions"},"function":{"name":"api"},"message":"\u001b[90m> \u001b[39m (node:6363) UnhandledPromiseRejectionWarning: Error: Invalid integer: 13397.999999999998"}}
[info] >      at Function.generate (/Applications/XCode Apps/amazon-clone/functions/node_modules/stripe/lib/Error.js:39:16) {"user":"    at Function.generate (/Applications/XCode Apps/amazon-clone/functions/node_modules/stripe/lib/Error.js:39:16)","metadata":{"emulator":{"name":"functions"},"function":{"name":"api"},"message":"\u001b[90m> \u001b[39m     at Function.generate (/Applications/XCode Apps/amazon-clone/functions/node_modules/stripe/lib/Error.js:39:16)"}}
[info] >      at IncomingMessage.<anonymous> (/Applications/XCode Apps/amazon-clone/functions/node_modules/stripe/lib/StripeResource.js:190:33) {"user":"    at IncomingMessage.<anonymous> (/Applications/XCode Apps/amazon-clone/functions/node_modules/stripe/lib/StripeResource.js:190:33)","metadata":{"emulator":{"name":"functions"},"function":{"name":"api"},"message":"\u001b[90m> \u001b[39m     at IncomingMessage.<anonymous> (/Applications/XCode Apps/amazon-clone/functions/node_modules/stripe/lib/StripeResource.js:190:33)"}}
[info] >      at Object.onceWrapper (events.js:421:28) {"user":"    at Object.onceWrapper (events.js:421:28)","metadata":{"emulator":{"name":"functions"},"function":{"name":"api"},"message":"\u001b[90m> \u001b[39m     at Object.onceWrapper (events.js:421:28)"}}
[info] >      at IncomingMessage.emit (events.js:327:22) {"user":"    at IncomingMessage.emit (events.js:327:22)","metadata":{"emulator":{"name":"functions"},"function":{"name":"api"},"message":"\u001b[90m> \u001b[39m     at IncomingMessage.emit (events.js:327:22)"}}
[info] >      at endReadableNT (_stream_readable.js:1220:12) {"user":"    at endReadableNT (_stream_readable.js:1220:12)","metadata":{"emulator":{"name":"functions"},"function":{"name":"api"},"message":"\u001b[90m> \u001b[39m     at endReadableNT (_stream_readable.js:1220:12)"}}
[info] >      at processTicksAndRejections (internal/process/task_queues.js:84:21) {"user":"    at processTicksAndRejections (internal/process/task_queues.js:84:21)","metadata":{"emulator":{"name":"functions"},"function":{"name":"api"},"message":"\u001b[90m> \u001b[39m     at processTicksAndRejections (internal/process/task_queues.js:84:21)"}}
[info] >  (node:6363) UnhandledPromiseRejectionWarning: Unhandled promise rejection. This error originated either by throwing inside of an async function without a catch block, or by rejecting a promise which was not handled with .catch(). To terminate the node process on unhandled promise rejection, use the CLI flag `--unhandled-rejections=strict` (see https://nodejs.org/api/cli.html#cli_unhandled_rejections_mode). (rejection id: 1) {"user":"(node:6363) UnhandledPromiseRejectionWarning: Unhandled promise rejection. This error originated either by throwing inside of an async function without a catch block, or by rejecting a promise which was not handled with .catch(). To terminate the node process on unhandled promise rejection, use the CLI flag `--unhandled-rejections=strict` (see https://nodejs.org/api/cli.html#cli_unhandled_rejections_mode). (rejection id: 1)","metadata":{"emulator":{"name":"functions"},"function":{"name":"api"},"message":"\u001b[90m> \u001b[39m (node:6363) UnhandledPromiseRejectionWarning: Unhandled promise rejection. This error originated either by throwing inside of an async function without a catch block, or by rejecting a promise which was not handled with .catch(). To terminate the node process on unhandled promise rejection, use the CLI flag `--unhandled-rejections=strict` (see https://nodejs.org/api/cli.html#cli_unhandled_rejections_mode). (rejection id: 1)"}}
[info] >  (node:6363) [DEP0018] DeprecationWarning: Unhandled promise rejections are deprecated. In the future, promise rejections that are not handled will terminate the Node.js process with a non-zero exit code. {"user":"(node:6363) [DEP0018] DeprecationWarning: Unhandled promise rejections are deprecated. In the future, promise rejections that are not handled will terminate the Node.js process with a non-zero exit code.","metadata":{"emulator":{"name":"functions"},"function":{"name":"api"},"message":"\u001b[90m> \u001b[39m (node:6363) [DEP0018] DeprecationWarning: Unhandled promise rejections are deprecated. In the future, promise rejections that are not handled will terminate the Node.js process with a non-zero exit code."}}
[warn] ⚠  functions: Your function timed out after ~60s. To configure this timeout, see
      https://firebase.google.com/docs/functions/manage-functions#set_timeout_and_memory_allocation. {"metadata":{"emulator":{"name":"functions"},"function":{"name":"api"},"message":"Your function timed out after ~60s. To configure this timeout, see\n      https://firebase.google.com/docs/functions/manage-functions#set_timeout_and_memory_allocation."}}
[info] >  /usr/local/lib/node_modules/firebase-tools/lib/emulator/functionsEmulatorRuntime.js:642 {"user":"/usr/local/lib/node_modules/firebase-tools/lib/emulator/functionsEmulatorRuntime.js:642","metadata":{"emulator":{"name":"functions"},"function":{"name":"api"},"message":"\u001b[90m> \u001b[39m /usr/local/lib/node_modules/firebase-tools/lib/emulator/functionsEmulatorRuntime.js:642"}}
[info] >                  throw new Error("Function timed out."); {"user":"                throw new Error(\"Function timed out.\");","metadata":{"emulator":{"name":"functions"},"function":{"name":"api"},"message":"\u001b[90m> \u001b[39m                 throw new Error(\"Function timed out.\");"}}
[info] >                  ^ {"user":"                ^","metadata":{"emulator":{"name":"functions"},"function":{"name":"api"},"message":"\u001b[90m> \u001b[39m                 ^"}}
[info] >   {"user":"","metadata":{"emulator":{"name":"functions"},"function":{"name":"api"},"message":"\u001b[90m> \u001b[39m "}}
[info] >  Error: Function timed out. {"user":"Error: Function timed out.","metadata":{"emulator":{"name":"functions"},"function":{"name":"api"},"message":"\u001b[90m> \u001b[39m Error: Function timed out."}}
[info] >      at Timeout._onTimeout (/usr/local/lib/node_modules/firebase-tools/lib/emulator/functionsEmulatorRuntime.js:642:23) {"user":"    at Timeout._onTimeout (/usr/local/lib/node_modules/firebase-tools/lib/emulator/functionsEmulatorRuntime.js:642:23)","metadata":{"emulator":{"name":"functions"},"function":{"name":"api"},"message":"\u001b[90m> \u001b[39m     at Timeout._onTimeout (/usr/local/lib/node_modules/firebase-tools/lib/emulator/functionsEmulatorRuntime.js:642:23)"}}
[info] >      at listOnTimeout (internal/timers.js:549:17) {"user":"    at listOnTimeout (internal/timers.js:549:17)","metadata":{"emulator":{"name":"functions"},"function":{"name":"api"},"message":"\u001b[90m> \u001b[39m     at listOnTimeout (internal/timers.js:549:17)"}}
[info] >      at processTimers (internal/timers.js:492:7) {"user":"    at processTimers (internal/timers.js:492:7)","metadata":{"emulator":{"name":"functions"},"function":{"name":"api"},"message":"\u001b[90m> \u001b[39m     at processTimers (internal/timers.js:492:7)"}}
[debug] [2020-09-11T23:14:17.908Z] [worker-api-6a792a3c-3ca2-4705-bf75-9a4bc2ebc8f9]: exited {"metadata":{"emulator":{"name":"functions"},"message":"[worker-api-6a792a3c-3ca2-4705-bf75-9a4bc2ebc8f9]: exited"}}
[debug] [2020-09-11T23:14:17.908Z] [worker-api-6a792a3c-3ca2-4705-bf75-9a4bc2ebc8f9]: FINISHED {"metadata":{"emulator":{"name":"functions"},"message":"[worker-api-6a792a3c-3ca2-4705-bf75-9a4bc2ebc8f9]: FINISHED"}}
[debug] [2020-09-11T23:14:17.908Z] [work-queue] {"queueLength":0,"workRunningCount":0}
[debug] [2020-09-11T23:15:03.187Z] [work-queue] {"queueLength":1,"workRunningCount":0}
[debug] [2020-09-11T23:15:03.187Z] [work-queue] {"queueLength":0,"workRunningCount":1}
[debug] [2020-09-11T23:15:03.187Z] Accepted request POST /challenge-cb568/us-central1/api/payments/create?total=0 --> api
[debug] [2020-09-11T23:15:03.187Z] [worker-pool] Cleaned up workers for api: 1 --> 0 {"metadata":{"emulator":{"name":"functions"},"message":"[worker-pool] Cleaned up workers for api: 1 --> 0"}}
[debug] [2020-09-11T23:15:03.193Z] [worker-pool] addWorker(api) {"metadata":{"emulator":{"name":"functions"},"message":"[worker-pool] addWorker(api)"}}
[debug] [2020-09-11T23:15:03.193Z] [worker-pool] Adding worker with key api, total=1 {"metadata":{"emulator":{"name":"functions"},"message":"[worker-pool] Adding worker with key api, total=1"}}
[debug] [2020-09-11T23:15:03.193Z] [worker-pool] submitWork(triggerId=api) {"metadata":{"emulator":{"name":"functions"},"message":"[worker-pool] submitWork(triggerId=api)"}}
[debug] [2020-09-11T23:15:03.193Z] [worker-api-8c315437-ceb3-4ff2-a5e4-0ba9922ed6e5]: Assigning socketPath: /var/folders/tl/ngzdzvxj3nd29p8341ndnp2c0000gn/T/fire_emu_6405.sock {"metadata":{"emulator":{"name":"functions"},"message":"[worker-api-8c315437-ceb3-4ff2-a5e4-0ba9922ed6e5]: Assigning socketPath: /var/folders/tl/ngzdzvxj3nd29p8341ndnp2c0000gn/T/fire_emu_6405.sock"}}
[debug] [2020-09-11T23:15:03.193Z] [worker-api-8c315437-ceb3-4ff2-a5e4-0ba9922ed6e5]: BUSY {"metadata":{"emulator":{"name":"functions"},"message":"[worker-api-8c315437-ceb3-4ff2-a5e4-0ba9922ed6e5]: BUSY"}}
[debug] [2020-09-11T23:15:04.255Z] [runtime-status] [6405] Functions runtime initialized. {"cwd":"/Applications/XCode Apps/amazon-clone/functions","node_version":"12.18.3"} {"metadata":{"emulator":{"name":"functions"},"function":{"name":"api"},"message":"[runtime-status] [6405] Functions runtime initialized. {\"cwd\":\"/Applications/XCode Apps/amazon-clone/functions\",\"node_version\":\"12.18.3\"}"}}
[debug] [2020-09-11T23:15:04.257Z] [runtime-status] [6405] Disabled runtime features: undefined {"metadata":{"emulator":{"name":"functions"},"function":{"name":"api"},"message":"[runtime-status] [6405] Disabled runtime features: undefined"}}
[debug] [2020-09-11T23:15:04.264Z] [runtime-status] [6405] Resolved module firebase-admin {"declared":true,"installed":true,"version":"8.13.0","resolution":"/Applications/XCode Apps/amazon-clone/functions/node_modules/firebase-admin/lib/index.js"} {"metadata":{"emulator":{"name":"functions"},"function":{"name":"api"},"message":"[runtime-status] [6405] Resolved module firebase-admin {\"declared\":true,\"installed\":true,\"version\":\"8.13.0\",\"resolution\":\"/Applications/XCode Apps/amazon-clone/functions/node_modules/firebase-admin/lib/index.js\"}"}}
[debug] [2020-09-11T23:15:04.267Z] [runtime-status] [6405] Resolved module firebase-functions {"declared":true,"installed":true,"version":"3.11.0","resolution":"/Applications/XCode Apps/amazon-clone/functions/node_modules/firebase-functions/lib/index.js"} {"metadata":{"emulator":{"name":"functions"},"function":{"name":"api"},"message":"[runtime-status] [6405] Resolved module firebase-functions {\"declared\":true,\"installed\":true,\"version\":\"3.11.0\",\"resolution\":\"/Applications/XCode Apps/amazon-clone/functions/node_modules/firebase-functions/lib/index.js\"}"}}
[debug] [2020-09-11T23:15:04.269Z] [runtime-status] [6405] Resolved module firebase-functions {"declared":true,"installed":true,"version":"3.11.0","resolution":"/Applications/XCode Apps/amazon-clone/functions/node_modules/firebase-functions/lib/index.js"} {"metadata":{"emulator":{"name":"functions"},"function":{"name":"api"},"message":"[runtime-status] [6405] Resolved module firebase-functions {\"declared\":true,\"installed\":true,\"version\":\"3.11.0\",\"resolution\":\"/Applications/XCode Apps/amazon-clone/functions/node_modules/firebase-functions/lib/index.js\"}"}}
[debug] [2020-09-11T23:15:04.274Z] [runtime-status] [6405] Outgoing network have been stubbed. [{"name":"http","status":"mocked"},{"name":"http","status":"mocked"},{"name":"https","status":"mocked"},{"name":"https","status":"mocked"},{"name":"net","status":"mocked"}] {"metadata":{"emulator":{"name":"functions"},"function":{"name":"api"},"message":"[runtime-status] [6405] Outgoing network have been stubbed. [{\"name\":\"http\",\"status\":\"mocked\"},{\"name\":\"http\",\"status\":\"mocked\"},{\"name\":\"https\",\"status\":\"mocked\"},{\"name\":\"https\",\"status\":\"mocked\"},{\"name\":\"net\",\"status\":\"mocked\"}]"}}
[debug] [2020-09-11T23:15:04.276Z] [runtime-status] [6405] Resolved module firebase-functions {"declared":true,"installed":true,"version":"3.11.0","resolution":"/Applications/XCode Apps/amazon-clone/functions/node_modules/firebase-functions/lib/index.js"} {"metadata":{"emulator":{"name":"functions"},"function":{"name":"api"},"message":"[runtime-status] [6405] Resolved module firebase-functions {\"declared\":true,\"installed\":true,\"version\":\"3.11.0\",\"resolution\":\"/Applications/XCode Apps/amazon-clone/functions/node_modules/firebase-functions/lib/index.js\"}"}}
[debug] [2020-09-11T23:15:04.436Z] [runtime-status] [6405] Checked functions.config() {"config":{}} {"metadata":{"emulator":{"name":"functions"},"function":{"name":"api"},"message":"[runtime-status] [6405] Checked functions.config() {\"config\":{}}"}}
[debug] [2020-09-11T23:15:04.436Z] [runtime-status] [6405] firebase-functions has been stubbed. {"functionsResolution":{"declared":true,"installed":true,"version":"3.11.0","resolution":"/Applications/XCode Apps/amazon-clone/functions/node_modules/firebase-functions/lib/index.js"}} {"metadata":{"emulator":{"name":"functions"},"function":{"name":"api"},"message":"[runtime-status] [6405] firebase-functions has been stubbed. {\"functionsResolution\":{\"declared\":true,\"installed\":true,\"version\":\"3.11.0\",\"resolution\":\"/Applications/XCode Apps/amazon-clone/functions/node_modules/firebase-functions/lib/index.js\"}}"}}
[debug] [2020-09-11T23:15:04.437Z] [runtime-status] [6405] Resolved module firebase-functions {"declared":true,"installed":true,"version":"3.11.0","resolution":"/Applications/XCode Apps/amazon-clone/functions/node_modules/firebase-functions/lib/index.js"} {"metadata":{"emulator":{"name":"functions"},"function":{"name":"api"},"message":"[runtime-status] [6405] Resolved module firebase-functions {\"declared\":true,\"installed\":true,\"version\":\"3.11.0\",\"resolution\":\"/Applications/XCode Apps/amazon-clone/functions/node_modules/firebase-functions/lib/index.js\"}"}}
[debug] [2020-09-11T23:15:04.439Z] [runtime-status] [6405] Resolved module firebase-admin {"declared":true,"installed":true,"version":"8.13.0","resolution":"/Applications/XCode Apps/amazon-clone/functions/node_modules/firebase-admin/lib/index.js"} {"metadata":{"emulator":{"name":"functions"},"function":{"name":"api"},"message":"[runtime-status] [6405] Resolved module firebase-admin {\"declared\":true,\"installed\":true,\"version\":\"8.13.0\",\"resolution\":\"/Applications/XCode Apps/amazon-clone/functions/node_modules/firebase-admin/lib/index.js\"}"}}
[debug] [2020-09-11T23:15:04.440Z] [runtime-status] [6405] Resolved module firebase-functions {"declared":true,"installed":true,"version":"3.11.0","resolution":"/Applications/XCode Apps/amazon-clone/functions/node_modules/firebase-functions/lib/index.js"} {"metadata":{"emulator":{"name":"functions"},"function":{"name":"api"},"message":"[runtime-status] [6405] Resolved module firebase-functions {\"declared\":true,\"installed\":true,\"version\":\"3.11.0\",\"resolution\":\"/Applications/XCode Apps/amazon-clone/functions/node_modules/firebase-functions/lib/index.js\"}"}}
[debug] [2020-09-11T23:15:04.440Z] [runtime-status] [6405] firebase-admin has been stubbed. {"adminResolution":{"declared":true,"installed":true,"version":"8.13.0","resolution":"/Applications/XCode Apps/amazon-clone/functions/node_modules/firebase-admin/lib/index.js"}} {"metadata":{"emulator":{"name":"functions"},"function":{"name":"api"},"message":"[runtime-status] [6405] firebase-admin has been stubbed. {\"adminResolution\":{\"declared\":true,\"installed\":true,\"version\":\"8.13.0\",\"resolution\":\"/Applications/XCode Apps/amazon-clone/functions/node_modules/firebase-admin/lib/index.js\"}}"}}
[debug] [2020-09-11T23:15:04.840Z] [runtime-status] [6405] Trigger "api" has been found, beginning invocation! {"metadata":{"emulator":{"name":"functions"},"function":{"name":"api"},"message":"[runtime-status] [6405] Trigger \"api\" has been found, beginning invocation!"}}
[info] i  functions: Beginning execution of "api" {"metadata":{"emulator":{"name":"functions"},"function":{"name":"api"},"message":"Beginning execution of \"api\""}}
[debug] [2020-09-11T23:15:04.844Z] [runtime-status] [6405] triggerDefinition {"httpsTrigger":{},"name":"api","entryPoint":"api"} {"metadata":{"emulator":{"name":"functions"},"function":{"name":"api"},"message":"[runtime-status] [6405] triggerDefinition {\"httpsTrigger\":{},\"name\":\"api\",\"entryPoint\":\"api\"}"}}
[debug] [2020-09-11T23:15:04.845Z] [runtime-status] [6405] Running api in mode HTTPS {"metadata":{"emulator":{"name":"functions"},"function":{"name":"api"},"message":"[runtime-status] [6405] Running api in mode HTTPS"}}
[debug] [2020-09-11T23:15:04.852Z] [runtime-status] [6405] Attempting to listen to socketPath: /var/folders/tl/ngzdzvxj3nd29p8341ndnp2c0000gn/T/fire_emu_6405.sock {"metadata":{"emulator":{"name":"functions"},"function":{"name":"api"},"message":"[runtime-status] [6405] Attempting to listen to socketPath: /var/folders/tl/ngzdzvxj3nd29p8341ndnp2c0000gn/T/fire_emu_6405.sock"}}
[debug] [2020-09-11T23:15:04.855Z] [functions] Runtime ready! Sending request! {"metadata":{"emulator":{"name":"functions"},"message":"[functions] Runtime ready! Sending request!"}}
[debug] [2020-09-11T23:15:04.873Z] [runtime-status] [6405] Ephemeral server handling POST request {"metadata":{"emulator":{"name":"functions"},"function":{"name":"api"},"message":"[runtime-status] [6405] Ephemeral server handling POST request"}}
[info] >  Payment request recieved boom! for this amount >>> 0 {"user":"Payment request recieved boom! for this amount >>> 0","metadata":{"emulator":{"name":"functions"},"function":{"name":"api"},"message":"\u001b[90m> \u001b[39m Payment request recieved boom! for this amount >>> 0"}}
[debug] [2020-09-11T23:15:04.899Z] [runtime-status] [6405] Ephemeral server survived. {"metadata":{"emulator":{"name":"functions"},"function":{"name":"api"},"message":"[runtime-status] [6405] Ephemeral server survived."}}
[info] >  (node:6405) UnhandledPromiseRejectionWarning: Error: This value must be greater than or equal to 1. {"user":"(node:6405) UnhandledPromiseRejectionWarning: Error: This value must be greater than or equal to 1.","metadata":{"emulator":{"name":"functions"},"function":{"name":"api"},"message":"\u001b[90m> \u001b[39m (node:6405) UnhandledPromiseRejectionWarning: Error: This value must be greater than or equal to 1."}}
[info] >      at Function.generate (/Applications/XCode Apps/amazon-clone/functions/node_modules/stripe/lib/Error.js:39:16) {"user":"    at Function.generate (/Applications/XCode Apps/amazon-clone/functions/node_modules/stripe/lib/Error.js:39:16)","metadata":{"emulator":{"name":"functions"},"function":{"name":"api"},"message":"\u001b[90m> \u001b[39m     at Function.generate (/Applications/XCode Apps/amazon-clone/functions/node_modules/stripe/lib/Error.js:39:16)"}}
[info] >      at IncomingMessage.<anonymous> (/Applications/XCode Apps/amazon-clone/functions/node_modules/stripe/lib/StripeResource.js:190:33) {"user":"    at IncomingMessage.<anonymous> (/Applications/XCode Apps/amazon-clone/functions/node_modules/stripe/lib/StripeResource.js:190:33)","metadata":{"emulator":{"name":"functions"},"function":{"name":"api"},"message":"\u001b[90m> \u001b[39m     at IncomingMessage.<anonymous> (/Applications/XCode Apps/amazon-clone/functions/node_modules/stripe/lib/StripeResource.js:190:33)"}}
[info] >      at Object.onceWrapper (events.js:421:28) {"user":"    at Object.onceWrapper (events.js:421:28)","metadata":{"emulator":{"name":"functions"},"function":{"name":"api"},"message":"\u001b[90m> \u001b[39m     at Object.onceWrapper (events.js:421:28)"}}
[info] >      at IncomingMessage.emit (events.js:327:22) {"user":"    at IncomingMessage.emit (events.js:327:22)","metadata":{"emulator":{"name":"functions"},"function":{"name":"api"},"message":"\u001b[90m> \u001b[39m     at IncomingMessage.emit (events.js:327:22)"}}
[info] >      at endReadableNT (_stream_readable.js:1220:12) {"user":"    at endReadableNT (_stream_readable.js:1220:12)","metadata":{"emulator":{"name":"functions"},"function":{"name":"api"},"message":"\u001b[90m> \u001b[39m     at endReadableNT (_stream_readable.js:1220:12)"}}
[info] >      at processTicksAndRejections (internal/process/task_queues.js:84:21) {"user":"    at processTicksAndRejections (internal/process/task_queues.js:84:21)","metadata":{"emulator":{"name":"functions"},"function":{"name":"api"},"message":"\u001b[90m> \u001b[39m     at processTicksAndRejections (internal/process/task_queues.js:84:21)"}}
[info] >  (node:6405) UnhandledPromiseRejectionWarning: Unhandled promise rejection. This error originated either by throwing inside of an async function without a catch block, or by rejecting a promise which was not handled with .catch(). To terminate the node process on unhandled promise rejection, use the CLI flag `--unhandled-rejections=strict` (see https://nodejs.org/api/cli.html#cli_unhandled_rejections_mode). (rejection id: 1) {"user":"(node:6405) UnhandledPromiseRejectionWarning: Unhandled promise rejection. This error originated either by throwing inside of an async function without a catch block, or by rejecting a promise which was not handled with .catch(). To terminate the node process on unhandled promise rejection, use the CLI flag `--unhandled-rejections=strict` (see https://nodejs.org/api/cli.html#cli_unhandled_rejections_mode). (rejection id: 1)","metadata":{"emulator":{"name":"functions"},"function":{"name":"api"},"message":"\u001b[90m> \u001b[39m (node:6405) UnhandledPromiseRejectionWarning: Unhandled promise rejection. This error originated either by throwing inside of an async function without a catch block, or by rejecting a promise which was not handled with .catch(). To terminate the node process on unhandled promise rejection, use the CLI flag `--unhandled-rejections=strict` (see https://nodejs.org/api/cli.html#cli_unhandled_rejections_mode). (rejection id: 1)"}}
[info] >  (node:6405) [DEP0018] DeprecationWarning: Unhandled promise rejections are deprecated. In the future, promise rejections that are not handled will terminate the Node.js process with a non-zero exit code. {"user":"(node:6405) [DEP0018] DeprecationWarning: Unhandled promise rejections are deprecated. In the future, promise rejections that are not handled will terminate the Node.js process with a non-zero exit code.","metadata":{"emulator":{"name":"functions"},"function":{"name":"api"},"message":"\u001b[90m> \u001b[39m (node:6405) [DEP0018] DeprecationWarning: Unhandled promise rejections are deprecated. In the future, promise rejections that are not handled will terminate the Node.js process with a non-zero exit code."}}
[debug] [2020-09-11T23:15:29.374Z] [work-queue] {"queueLength":1,"workRunningCount":1}
[debug] [2020-09-11T23:15:29.374Z] [work-queue] {"queueLength":0,"workRunningCount":2}
[debug] [2020-09-11T23:15:29.374Z] Accepted request POST /challenge-cb568/us-central1/api/payments/create?total=13496 --> api
[debug] [2020-09-11T23:15:29.387Z] [worker-pool] addWorker(api) {"metadata":{"emulator":{"name":"functions"},"message":"[worker-pool] addWorker(api)"}}
[debug] [2020-09-11T23:15:29.388Z] [worker-pool] Adding worker with key api, total=2 {"metadata":{"emulator":{"name":"functions"},"message":"[worker-pool] Adding worker with key api, total=2"}}
[debug] [2020-09-11T23:15:29.388Z] [worker-pool] submitWork(triggerId=api) {"metadata":{"emulator":{"name":"functions"},"message":"[worker-pool] submitWork(triggerId=api)"}}
[debug] [2020-09-11T23:15:29.389Z] [worker-api-25c6abcf-7e83-4b29-83e2-3a0457ce5ee1]: Assigning socketPath: /var/folders/tl/ngzdzvxj3nd29p8341ndnp2c0000gn/T/fire_emu_6413.sock {"metadata":{"emulator":{"name":"functions"},"message":"[worker-api-25c6abcf-7e83-4b29-83e2-3a0457ce5ee1]: Assigning socketPath: /var/folders/tl/ngzdzvxj3nd29p8341ndnp2c0000gn/T/fire_emu_6413.sock"}}
[debug] [2020-09-11T23:15:29.389Z] [worker-api-25c6abcf-7e83-4b29-83e2-3a0457ce5ee1]: BUSY {"metadata":{"emulator":{"name":"functions"},"message":"[worker-api-25c6abcf-7e83-4b29-83e2-3a0457ce5ee1]: BUSY"}}
[debug] [2020-09-11T23:15:29.979Z] [runtime-status] [6413] Functions runtime initialized. {"cwd":"/Applications/XCode Apps/amazon-clone/functions","node_version":"12.18.3"} {"metadata":{"emulator":{"name":"functions"},"function":{"name":"api"},"message":"[runtime-status] [6413] Functions runtime initialized. {\"cwd\":\"/Applications/XCode Apps/amazon-clone/functions\",\"node_version\":\"12.18.3\"}"}}
[debug] [2020-09-11T23:15:29.985Z] [runtime-status] [6413] Disabled runtime features: undefined {"metadata":{"emulator":{"name":"functions"},"function":{"name":"api"},"message":"[runtime-status] [6413] Disabled runtime features: undefined"}}
[debug] [2020-09-11T23:15:29.992Z] [runtime-status] [6413] Resolved module firebase-admin {"declared":true,"installed":true,"version":"8.13.0","resolution":"/Applications/XCode Apps/amazon-clone/functions/node_modules/firebase-admin/lib/index.js"} {"metadata":{"emulator":{"name":"functions"},"function":{"name":"api"},"message":"[runtime-status] [6413] Resolved module firebase-admin {\"declared\":true,\"installed\":true,\"version\":\"8.13.0\",\"resolution\":\"/Applications/XCode Apps/amazon-clone/functions/node_modules/firebase-admin/lib/index.js\"}"}}
[debug] [2020-09-11T23:15:30.000Z] [runtime-status] [6413] Resolved module firebase-functions {"declared":true,"installed":true,"version":"3.11.0","resolution":"/Applications/XCode Apps/amazon-clone/functions/node_modules/firebase-functions/lib/index.js"} {"metadata":{"emulator":{"name":"functions"},"function":{"name":"api"},"message":"[runtime-status] [6413] Resolved module firebase-functions {\"declared\":true,\"installed\":true,\"version\":\"3.11.0\",\"resolution\":\"/Applications/XCode Apps/amazon-clone/functions/node_modules/firebase-functions/lib/index.js\"}"}}
[debug] [2020-09-11T23:15:30.002Z] [runtime-status] [6413] Resolved module firebase-functions {"declared":true,"installed":true,"version":"3.11.0","resolution":"/Applications/XCode Apps/amazon-clone/functions/node_modules/firebase-functions/lib/index.js"} {"metadata":{"emulator":{"name":"functions"},"function":{"name":"api"},"message":"[runtime-status] [6413] Resolved module firebase-functions {\"declared\":true,\"installed\":true,\"version\":\"3.11.0\",\"resolution\":\"/Applications/XCode Apps/amazon-clone/functions/node_modules/firebase-functions/lib/index.js\"}"}}
[debug] [2020-09-11T23:15:30.007Z] [runtime-status] [6413] Outgoing network have been stubbed. [{"name":"http","status":"mocked"},{"name":"http","status":"mocked"},{"name":"https","status":"mocked"},{"name":"https","status":"mocked"},{"name":"net","status":"mocked"}] {"metadata":{"emulator":{"name":"functions"},"function":{"name":"api"},"message":"[runtime-status] [6413] Outgoing network have been stubbed. [{\"name\":\"http\",\"status\":\"mocked\"},{\"name\":\"http\",\"status\":\"mocked\"},{\"name\":\"https\",\"status\":\"mocked\"},{\"name\":\"https\",\"status\":\"mocked\"},{\"name\":\"net\",\"status\":\"mocked\"}]"}}
[debug] [2020-09-11T23:15:30.007Z] [runtime-status] [6413] Resolved module firebase-functions {"declared":true,"installed":true,"version":"3.11.0","resolution":"/Applications/XCode Apps/amazon-clone/functions/node_modules/firebase-functions/lib/index.js"} {"metadata":{"emulator":{"name":"functions"},"function":{"name":"api"},"message":"[runtime-status] [6413] Resolved module firebase-functions {\"declared\":true,\"installed\":true,\"version\":\"3.11.0\",\"resolution\":\"/Applications/XCode Apps/amazon-clone/functions/node_modules/firebase-functions/lib/index.js\"}"}}
[debug] [2020-09-11T23:15:30.061Z] [runtime-status] [6413] Checked functions.config() {"config":{}} {"metadata":{"emulator":{"name":"functions"},"function":{"name":"api"},"message":"[runtime-status] [6413] Checked functions.config() {\"config\":{}}"}}
[debug] [2020-09-11T23:15:30.061Z] [runtime-status] [6413] firebase-functions has been stubbed. {"functionsResolution":{"declared":true,"installed":true,"version":"3.11.0","resolution":"/Applications/XCode Apps/amazon-clone/functions/node_modules/firebase-functions/lib/index.js"}} {"metadata":{"emulator":{"name":"functions"},"function":{"name":"api"},"message":"[runtime-status] [6413] firebase-functions has been stubbed. {\"functionsResolution\":{\"declared\":true,\"installed\":true,\"version\":\"3.11.0\",\"resolution\":\"/Applications/XCode Apps/amazon-clone/functions/node_modules/firebase-functions/lib/index.js\"}}"}}
[debug] [2020-09-11T23:15:30.062Z] [runtime-status] [6413] Resolved module firebase-functions {"declared":true,"installed":true,"version":"3.11.0","resolution":"/Applications/XCode Apps/amazon-clone/functions/node_modules/firebase-functions/lib/index.js"} {"metadata":{"emulator":{"name":"functions"},"function":{"name":"api"},"message":"[runtime-status] [6413] Resolved module firebase-functions {\"declared\":true,\"installed\":true,\"version\":\"3.11.0\",\"resolution\":\"/Applications/XCode Apps/amazon-clone/functions/node_modules/firebase-functions/lib/index.js\"}"}}
[debug] [2020-09-11T23:15:30.063Z] [runtime-status] [6413] Resolved module firebase-admin {"declared":true,"installed":true,"version":"8.13.0","resolution":"/Applications/XCode Apps/amazon-clone/functions/node_modules/firebase-admin/lib/index.js"} {"metadata":{"emulator":{"name":"functions"},"function":{"name":"api"},"message":"[runtime-status] [6413] Resolved module firebase-admin {\"declared\":true,\"installed\":true,\"version\":\"8.13.0\",\"resolution\":\"/Applications/XCode Apps/amazon-clone/functions/node_modules/firebase-admin/lib/index.js\"}"}}
[debug] [2020-09-11T23:15:30.064Z] [runtime-status] [6413] Resolved module firebase-functions {"declared":true,"installed":true,"version":"3.11.0","resolution":"/Applications/XCode Apps/amazon-clone/functions/node_modules/firebase-functions/lib/index.js"} {"metadata":{"emulator":{"name":"functions"},"function":{"name":"api"},"message":"[runtime-status] [6413] Resolved module firebase-functions {\"declared\":true,\"installed\":true,\"version\":\"3.11.0\",\"resolution\":\"/Applications/XCode Apps/amazon-clone/functions/node_modules/firebase-functions/lib/index.js\"}"}}
[debug] [2020-09-11T23:15:30.065Z] [runtime-status] [6413] firebase-admin has been stubbed. {"adminResolution":{"declared":true,"installed":true,"version":"8.13.0","resolution":"/Applications/XCode Apps/amazon-clone/functions/node_modules/firebase-admin/lib/index.js"}} {"metadata":{"emulator":{"name":"functions"},"function":{"name":"api"},"message":"[runtime-status] [6413] firebase-admin has been stubbed. {\"adminResolution\":{\"declared\":true,\"installed\":true,\"version\":\"8.13.0\",\"resolution\":\"/Applications/XCode Apps/amazon-clone/functions/node_modules/firebase-admin/lib/index.js\"}}"}}
[debug] [2020-09-11T23:15:30.276Z] [runtime-status] [6413] Trigger "api" has been found, beginning invocation! {"metadata":{"emulator":{"name":"functions"},"function":{"name":"api"},"message":"[runtime-status] [6413] Trigger \"api\" has been found, beginning invocation!"}}
[info] i  functions: Beginning execution of "api" {"metadata":{"emulator":{"name":"functions"},"function":{"name":"api"},"message":"Beginning execution of \"api\""}}
[debug] [2020-09-11T23:15:30.276Z] [runtime-status] [6413] triggerDefinition {"httpsTrigger":{},"name":"api","entryPoint":"api"} {"metadata":{"emulator":{"name":"functions"},"function":{"name":"api"},"message":"[runtime-status] [6413] triggerDefinition {\"httpsTrigger\":{},\"name\":\"api\",\"entryPoint\":\"api\"}"}}
[debug] [2020-09-11T23:15:30.277Z] [runtime-status] [6413] Running api in mode HTTPS {"metadata":{"emulator":{"name":"functions"},"function":{"name":"api"},"message":"[runtime-status] [6413] Running api in mode HTTPS"}}
[debug] [2020-09-11T23:15:30.285Z] [runtime-status] [6413] Attempting to listen to socketPath: /var/folders/tl/ngzdzvxj3nd29p8341ndnp2c0000gn/T/fire_emu_6413.sock {"metadata":{"emulator":{"name":"functions"},"function":{"name":"api"},"message":"[runtime-status] [6413] Attempting to listen to socketPath: /var/folders/tl/ngzdzvxj3nd29p8341ndnp2c0000gn/T/fire_emu_6413.sock"}}
[debug] [2020-09-11T23:15:30.290Z] [functions] Runtime ready! Sending request! {"metadata":{"emulator":{"name":"functions"},"message":"[functions] Runtime ready! Sending request!"}}
[debug] [2020-09-11T23:15:30.303Z] [runtime-status] [6413] Ephemeral server handling POST request {"metadata":{"emulator":{"name":"functions"},"function":{"name":"api"},"message":"[runtime-status] [6413] Ephemeral server handling POST request"}}
[info] >  Payment request recieved boom! for this amount >>> 13496 {"user":"Payment request recieved boom! for this amount >>> 13496","metadata":{"emulator":{"name":"functions"},"function":{"name":"api"},"message":"\u001b[90m> \u001b[39m Payment request recieved boom! for this amount >>> 13496"}}
[debug] [2020-09-11T23:15:30.325Z] [runtime-status] [6413] Ephemeral server survived. {"metadata":{"emulator":{"name":"functions"},"function":{"name":"api"},"message":"[runtime-status] [6413] Ephemeral server survived."}}
[info] i  functions: Finished "api" in ~1s {"metadata":{"emulator":{"name":"functions"},"function":{"name":"api"},"message":"Finished \"api\" in ~1s"}}
[debug] [2020-09-11T23:15:30.924Z] [worker-api-25c6abcf-7e83-4b29-83e2-3a0457ce5ee1]: IDLE {"metadata":{"emulator":{"name":"functions"},"message":"[worker-api-25c6abcf-7e83-4b29-83e2-3a0457ce5ee1]: IDLE"}}
[debug] [2020-09-11T23:15:30.924Z] [work-queue] {"queueLength":0,"workRunningCount":1}
[warn] ⚠  functions: Your function timed out after ~60s. To configure this timeout, see
      https://firebase.google.com/docs/functions/manage-functions#set_timeout_and_memory_allocation. {"metadata":{"emulator":{"name":"functions"},"function":{"name":"api"},"message":"Your function timed out after ~60s. To configure this timeout, see\n      https://firebase.google.com/docs/functions/manage-functions#set_timeout_and_memory_allocation."}}
[info] >  /usr/local/lib/node_modules/firebase-tools/lib/emulator/functionsEmulatorRuntime.js:642 {"user":"/usr/local/lib/node_modules/firebase-tools/lib/emulator/functionsEmulatorRuntime.js:642","metadata":{"emulator":{"name":"functions"},"function":{"name":"api"},"message":"\u001b[90m> \u001b[39m /usr/local/lib/node_modules/firebase-tools/lib/emulator/functionsEmulatorRuntime.js:642"}}
[info] >                  throw new Error("Function timed out."); {"user":"                throw new Error(\"Function timed out.\");","metadata":{"emulator":{"name":"functions"},"function":{"name":"api"},"message":"\u001b[90m> \u001b[39m                 throw new Error(\"Function timed out.\");"}}
[info] >                  ^ {"user":"                ^","metadata":{"emulator":{"name":"functions"},"function":{"name":"api"},"message":"\u001b[90m> \u001b[39m                 ^"}}
[info] >   {"user":"","metadata":{"emulator":{"name":"functions"},"function":{"name":"api"},"message":"\u001b[90m> \u001b[39m "}}
[info] >  Error: Function timed out. {"user":"Error: Function timed out.","metadata":{"emulator":{"name":"functions"},"function":{"name":"api"},"message":"\u001b[90m> \u001b[39m Error: Function timed out."}}
[info] >      at Timeout._onTimeout (/usr/local/lib/node_modules/firebase-tools/lib/emulator/functionsEmulatorRuntime.js:642:23) {"user":"    at Timeout._onTimeout (/usr/local/lib/node_modules/firebase-tools/lib/emulator/functionsEmulatorRuntime.js:642:23)","metadata":{"emulator":{"name":"functions"},"function":{"name":"api"},"message":"\u001b[90m> \u001b[39m     at Timeout._onTimeout (/usr/local/lib/node_modules/firebase-tools/lib/emulator/functionsEmulatorRuntime.js:642:23)"}}
[info] >      at listOnTimeout (internal/timers.js:549:17) {"user":"    at listOnTimeout (internal/timers.js:549:17)","metadata":{"emulator":{"name":"functions"},"function":{"name":"api"},"message":"\u001b[90m> \u001b[39m     at listOnTimeout (internal/timers.js:549:17)"}}
[info] >      at processTimers (internal/timers.js:492:7) {"user":"    at processTimers (internal/timers.js:492:7)","metadata":{"emulator":{"name":"functions"},"function":{"name":"api"},"message":"\u001b[90m> \u001b[39m     at processTimers (internal/timers.js:492:7)"}}
[debug] [2020-09-11T23:16:04.864Z] [worker-api-8c315437-ceb3-4ff2-a5e4-0ba9922ed6e5]: exited {"metadata":{"emulator":{"name":"functions"},"message":"[worker-api-8c315437-ceb3-4ff2-a5e4-0ba9922ed6e5]: exited"}}
[debug] [2020-09-11T23:16:04.864Z] [worker-api-8c315437-ceb3-4ff2-a5e4-0ba9922ed6e5]: FINISHED {"metadata":{"emulator":{"name":"functions"},"message":"[worker-api-8c315437-ceb3-4ff2-a5e4-0ba9922ed6e5]: FINISHED"}}
[debug] [2020-09-11T23:16:04.864Z] [work-queue] {"queueLength":0,"workRunningCount":0}
[debug] [2020-09-11T23:16:05.593Z] [work-queue] {"queueLength":1,"workRunningCount":0}
[debug] [2020-09-11T23:16:05.594Z] [work-queue] {"queueLength":0,"workRunningCount":1}
[debug] [2020-09-11T23:16:05.594Z] Accepted request POST /challenge-cb568/us-central1/api/payments/create?total=10497 --> api
[debug] [2020-09-11T23:16:05.594Z] [worker-pool] Cleaned up workers for api: 2 --> 1 {"metadata":{"emulator":{"name":"functions"},"message":"[worker-pool] Cleaned up workers for api: 2 --> 1"}}
[debug] [2020-09-11T23:16:05.594Z] [worker-pool] submitWork(triggerId=api) {"metadata":{"emulator":{"name":"functions"},"message":"[worker-pool] submitWork(triggerId=api)"}}
[debug] [2020-09-11T23:16:05.594Z] [worker-api-25c6abcf-7e83-4b29-83e2-3a0457ce5ee1]: Assigning socketPath: /var/folders/tl/ngzdzvxj3nd29p8341ndnp2c0000gn/T/fire_emu_6413.sock {"metadata":{"emulator":{"name":"functions"},"message":"[worker-api-25c6abcf-7e83-4b29-83e2-3a0457ce5ee1]: Assigning socketPath: /var/folders/tl/ngzdzvxj3nd29p8341ndnp2c0000gn/T/fire_emu_6413.sock"}}
[debug] [2020-09-11T23:16:05.594Z] [worker-api-25c6abcf-7e83-4b29-83e2-3a0457ce5ee1]: BUSY {"metadata":{"emulator":{"name":"functions"},"message":"[worker-api-25c6abcf-7e83-4b29-83e2-3a0457ce5ee1]: BUSY"}}
[debug] [2020-09-11T23:16:05.599Z] [runtime-status] [6413] Trigger "api" has been found, beginning invocation! {"metadata":{"emulator":{"name":"functions"},"function":{"name":"api"},"message":"[runtime-status] [6413] Trigger \"api\" has been found, beginning invocation!"}}
[info] i  functions: Beginning execution of "api" {"metadata":{"emulator":{"name":"functions"},"function":{"name":"api"},"message":"Beginning execution of \"api\""}}
[debug] [2020-09-11T23:16:05.600Z] [runtime-status] [6413] triggerDefinition {"httpsTrigger":{},"name":"api","entryPoint":"api"} {"metadata":{"emulator":{"name":"functions"},"function":{"name":"api"},"message":"[runtime-status] [6413] triggerDefinition {\"httpsTrigger\":{},\"name\":\"api\",\"entryPoint\":\"api\"}"}}
[debug] [2020-09-11T23:16:05.600Z] [runtime-status] [6413] Running api in mode HTTPS {"metadata":{"emulator":{"name":"functions"},"function":{"name":"api"},"message":"[runtime-status] [6413] Running api in mode HTTPS"}}
[debug] [2020-09-11T23:16:05.602Z] [runtime-status] [6413] Attempting to listen to socketPath: /var/folders/tl/ngzdzvxj3nd29p8341ndnp2c0000gn/T/fire_emu_6413.sock {"metadata":{"emulator":{"name":"functions"},"function":{"name":"api"},"message":"[runtime-status] [6413] Attempting to listen to socketPath: /var/folders/tl/ngzdzvxj3nd29p8341ndnp2c0000gn/T/fire_emu_6413.sock"}}
[debug] [2020-09-11T23:16:05.603Z] [functions] Runtime ready! Sending request! {"metadata":{"emulator":{"name":"functions"},"message":"[functions] Runtime ready! Sending request!"}}
[debug] [2020-09-11T23:16:05.608Z] [runtime-status] [6413] Ephemeral server handling POST request {"metadata":{"emulator":{"name":"functions"},"function":{"name":"api"},"message":"[runtime-status] [6413] Ephemeral server handling POST request"}}
[info] >  Payment request recieved boom! for this amount >>> 10497 {"user":"Payment request recieved boom! for this amount >>> 10497","metadata":{"emulator":{"name":"functions"},"function":{"name":"api"},"message":"\u001b[90m> \u001b[39m Payment request recieved boom! for this amount >>> 10497"}}
[debug] [2020-09-11T23:16:05.609Z] [runtime-status] [6413] Ephemeral server survived. {"metadata":{"emulator":{"name":"functions"},"function":{"name":"api"},"message":"[runtime-status] [6413] Ephemeral server survived."}}
[info] i  functions: Finished "api" in ~1s {"metadata":{"emulator":{"name":"functions"},"function":{"name":"api"},"message":"Finished \"api\" in ~1s"}}
[debug] [2020-09-11T23:16:05.884Z] [worker-api-25c6abcf-7e83-4b29-83e2-3a0457ce5ee1]: IDLE {"metadata":{"emulator":{"name":"functions"},"message":"[worker-api-25c6abcf-7e83-4b29-83e2-3a0457ce5ee1]: IDLE"}}
[debug] [2020-09-11T23:16:05.884Z] [work-queue] {"queueLength":0,"workRunningCount":0}
[debug] [2020-09-11T23:16:15.117Z] [work-queue] {"queueLength":1,"workRunningCount":0}
[debug] [2020-09-11T23:16:15.117Z] [work-queue] {"queueLength":0,"workRunningCount":1}
[debug] [2020-09-11T23:16:15.117Z] Accepted request POST /challenge-cb568/us-central1/api/payments/create?total=0 --> api
[debug] [2020-09-11T23:16:15.117Z] [worker-pool] submitWork(triggerId=api) {"metadata":{"emulator":{"name":"functions"},"message":"[worker-pool] submitWork(triggerId=api)"}}
[debug] [2020-09-11T23:16:15.118Z] [worker-api-25c6abcf-7e83-4b29-83e2-3a0457ce5ee1]: Assigning socketPath: /var/folders/tl/ngzdzvxj3nd29p8341ndnp2c0000gn/T/fire_emu_6413.sock {"metadata":{"emulator":{"name":"functions"},"message":"[worker-api-25c6abcf-7e83-4b29-83e2-3a0457ce5ee1]: Assigning socketPath: /var/folders/tl/ngzdzvxj3nd29p8341ndnp2c0000gn/T/fire_emu_6413.sock"}}
[debug] [2020-09-11T23:16:15.118Z] [worker-api-25c6abcf-7e83-4b29-83e2-3a0457ce5ee1]: BUSY {"metadata":{"emulator":{"name":"functions"},"message":"[worker-api-25c6abcf-7e83-4b29-83e2-3a0457ce5ee1]: BUSY"}}
[debug] [2020-09-11T23:16:15.123Z] [runtime-status] [6413] Trigger "api" has been found, beginning invocation! {"metadata":{"emulator":{"name":"functions"},"function":{"name":"api"},"message":"[runtime-status] [6413] Trigger \"api\" has been found, beginning invocation!"}}
[info] i  functions: Beginning execution of "api" {"metadata":{"emulator":{"name":"functions"},"function":{"name":"api"},"message":"Beginning execution of \"api\""}}
[debug] [2020-09-11T23:16:15.124Z] [runtime-status] [6413] triggerDefinition {"httpsTrigger":{},"name":"api","entryPoint":"api"} {"metadata":{"emulator":{"name":"functions"},"function":{"name":"api"},"message":"[runtime-status] [6413] triggerDefinition {\"httpsTrigger\":{},\"name\":\"api\",\"entryPoint\":\"api\"}"}}
[debug] [2020-09-11T23:16:15.124Z] [runtime-status] [6413] Running api in mode HTTPS {"metadata":{"emulator":{"name":"functions"},"function":{"name":"api"},"message":"[runtime-status] [6413] Running api in mode HTTPS"}}
[debug] [2020-09-11T23:16:15.124Z] [runtime-status] [6413] Attempting to listen to socketPath: /var/folders/tl/ngzdzvxj3nd29p8341ndnp2c0000gn/T/fire_emu_6413.sock {"metadata":{"emulator":{"name":"functions"},"function":{"name":"api"},"message":"[runtime-status] [6413] Attempting to listen to socketPath: /var/folders/tl/ngzdzvxj3nd29p8341ndnp2c0000gn/T/fire_emu_6413.sock"}}
[debug] [2020-09-11T23:16:15.126Z] [functions] Runtime ready! Sending request! {"metadata":{"emulator":{"name":"functions"},"message":"[functions] Runtime ready! Sending request!"}}
[debug] [2020-09-11T23:16:15.135Z] [runtime-status] [6413] Ephemeral server handling POST request {"metadata":{"emulator":{"name":"functions"},"function":{"name":"api"},"message":"[runtime-status] [6413] Ephemeral server handling POST request"}}
[info] >  Payment request recieved boom! for this amount >>> 0 {"user":"Payment request recieved boom! for this amount >>> 0","metadata":{"emulator":{"name":"functions"},"function":{"name":"api"},"message":"\u001b[90m> \u001b[39m Payment request recieved boom! for this amount >>> 0"}}
[debug] [2020-09-11T23:16:15.137Z] [runtime-status] [6413] Ephemeral server survived. {"metadata":{"emulator":{"name":"functions"},"function":{"name":"api"},"message":"[runtime-status] [6413] Ephemeral server survived."}}
[info] >  (node:6413) UnhandledPromiseRejectionWarning: Error: This value must be greater than or equal to 1. {"user":"(node:6413) UnhandledPromiseRejectionWarning: Error: This value must be greater than or equal to 1.","metadata":{"emulator":{"name":"functions"},"function":{"name":"api"},"message":"\u001b[90m> \u001b[39m (node:6413) UnhandledPromiseRejectionWarning: Error: This value must be greater than or equal to 1."}}
[info] >      at Function.generate (/Applications/XCode Apps/amazon-clone/functions/node_modules/stripe/lib/Error.js:39:16) {"user":"    at Function.generate (/Applications/XCode Apps/amazon-clone/functions/node_modules/stripe/lib/Error.js:39:16)","metadata":{"emulator":{"name":"functions"},"function":{"name":"api"},"message":"\u001b[90m> \u001b[39m     at Function.generate (/Applications/XCode Apps/amazon-clone/functions/node_modules/stripe/lib/Error.js:39:16)"}}
[info] >      at IncomingMessage.<anonymous> (/Applications/XCode Apps/amazon-clone/functions/node_modules/stripe/lib/StripeResource.js:190:33) {"user":"    at IncomingMessage.<anonymous> (/Applications/XCode Apps/amazon-clone/functions/node_modules/stripe/lib/StripeResource.js:190:33)","metadata":{"emulator":{"name":"functions"},"function":{"name":"api"},"message":"\u001b[90m> \u001b[39m     at IncomingMessage.<anonymous> (/Applications/XCode Apps/amazon-clone/functions/node_modules/stripe/lib/StripeResource.js:190:33)"}}
[info] >      at Object.onceWrapper (events.js:421:28) {"user":"    at Object.onceWrapper (events.js:421:28)","metadata":{"emulator":{"name":"functions"},"function":{"name":"api"},"message":"\u001b[90m> \u001b[39m     at Object.onceWrapper (events.js:421:28)"}}
[info] >      at IncomingMessage.emit (events.js:327:22) {"user":"    at IncomingMessage.emit (events.js:327:22)","metadata":{"emulator":{"name":"functions"},"function":{"name":"api"},"message":"\u001b[90m> \u001b[39m     at IncomingMessage.emit (events.js:327:22)"}}
[info] >      at endReadableNT (_stream_readable.js:1220:12) {"user":"    at endReadableNT (_stream_readable.js:1220:12)","metadata":{"emulator":{"name":"functions"},"function":{"name":"api"},"message":"\u001b[90m> \u001b[39m     at endReadableNT (_stream_readable.js:1220:12)"}}
[info] >      at processTicksAndRejections (internal/process/task_queues.js:84:21) {"user":"    at processTicksAndRejections (internal/process/task_queues.js:84:21)","metadata":{"emulator":{"name":"functions"},"function":{"name":"api"},"message":"\u001b[90m> \u001b[39m     at processTicksAndRejections (internal/process/task_queues.js:84:21)"}}
[info] >  (node:6413) UnhandledPromiseRejectionWarning: Unhandled promise rejection. This error originated either by throwing inside of an async function without a catch block, or by rejecting a promise which was not handled with .catch(). To terminate the node process on unhandled promise rejection, use the CLI flag `--unhandled-rejections=strict` (see https://nodejs.org/api/cli.html#cli_unhandled_rejections_mode). (rejection id: 1) {"user":"(node:6413) UnhandledPromiseRejectionWarning: Unhandled promise rejection. This error originated either by throwing inside of an async function without a catch block, or by rejecting a promise which was not handled with .catch(). To terminate the node process on unhandled promise rejection, use the CLI flag `--unhandled-rejections=strict` (see https://nodejs.org/api/cli.html#cli_unhandled_rejections_mode). (rejection id: 1)","metadata":{"emulator":{"name":"functions"},"function":{"name":"api"},"message":"\u001b[90m> \u001b[39m (node:6413) UnhandledPromiseRejectionWarning: Unhandled promise rejection. This error originated either by throwing inside of an async function without a catch block, or by rejecting a promise which was not handled with .catch(). To terminate the node process on unhandled promise rejection, use the CLI flag `--unhandled-rejections=strict` (see https://nodejs.org/api/cli.html#cli_unhandled_rejections_mode). (rejection id: 1)"}}
[info] >  (node:6413) [DEP0018] DeprecationWarning: Unhandled promise rejections are deprecated. In the future, promise rejections that are not handled will terminate the Node.js process with a non-zero exit code. {"user":"(node:6413) [DEP0018] DeprecationWarning: Unhandled promise rejections are deprecated. In the future, promise rejections that are not handled will terminate the Node.js process with a non-zero exit code.","metadata":{"emulator":{"name":"functions"},"function":{"name":"api"},"message":"\u001b[90m> \u001b[39m (node:6413) [DEP0018] DeprecationWarning: Unhandled promise rejections are deprecated. In the future, promise rejections that are not handled will terminate the Node.js process with a non-zero exit code."}}
[warn] ⚠  functions: Your function timed out after ~60s. To configure this timeout, see
      https://firebase.google.com/docs/functions/manage-functions#set_timeout_and_memory_allocation. {"metadata":{"emulator":{"name":"functions"},"function":{"name":"api"},"message":"Your function timed out after ~60s. To configure this timeout, see\n      https://firebase.google.com/docs/functions/manage-functions#set_timeout_and_memory_allocation."}}
[info] >  /usr/local/lib/node_modules/firebase-tools/lib/emulator/functionsEmulatorRuntime.js:642 {"user":"/usr/local/lib/node_modules/firebase-tools/lib/emulator/functionsEmulatorRuntime.js:642","metadata":{"emulator":{"name":"functions"},"function":{"name":"api"},"message":"\u001b[90m> \u001b[39m /usr/local/lib/node_modules/firebase-tools/lib/emulator/functionsEmulatorRuntime.js:642"}}
[info] >                  throw new Error("Function timed out."); {"user":"                throw new Error(\"Function timed out.\");","metadata":{"emulator":{"name":"functions"},"function":{"name":"api"},"message":"\u001b[90m> \u001b[39m                 throw new Error(\"Function timed out.\");"}}
[info] >                  ^ {"user":"                ^","metadata":{"emulator":{"name":"functions"},"function":{"name":"api"},"message":"\u001b[90m> \u001b[39m                 ^"}}
[info] >   {"user":"","metadata":{"emulator":{"name":"functions"},"function":{"name":"api"},"message":"\u001b[90m> \u001b[39m "}}
[info] >  Error: Function timed out. {"user":"Error: Function timed out.","metadata":{"emulator":{"name":"functions"},"function":{"name":"api"},"message":"\u001b[90m> \u001b[39m Error: Function timed out."}}
[info] >      at Timeout._onTimeout (/usr/local/lib/node_modules/firebase-tools/lib/emulator/functionsEmulatorRuntime.js:642:23) {"user":"    at Timeout._onTimeout (/usr/local/lib/node_modules/firebase-tools/lib/emulator/functionsEmulatorRuntime.js:642:23)","metadata":{"emulator":{"name":"functions"},"function":{"name":"api"},"message":"\u001b[90m> \u001b[39m     at Timeout._onTimeout (/usr/local/lib/node_modules/firebase-tools/lib/emulator/functionsEmulatorRuntime.js:642:23)"}}
[info] >      at listOnTimeout (internal/timers.js:549:17) {"user":"    at listOnTimeout (internal/timers.js:549:17)","metadata":{"emulator":{"name":"functions"},"function":{"name":"api"},"message":"\u001b[90m> \u001b[39m     at listOnTimeout (internal/timers.js:549:17)"}}
[info] >      at processTimers (internal/timers.js:492:7) {"user":"    at processTimers (internal/timers.js:492:7)","metadata":{"emulator":{"name":"functions"},"function":{"name":"api"},"message":"\u001b[90m> \u001b[39m     at processTimers (internal/timers.js:492:7)"}}
[debug] [2020-09-11T23:17:15.137Z] [worker-api-25c6abcf-7e83-4b29-83e2-3a0457ce5ee1]: exited {"metadata":{"emulator":{"name":"functions"},"message":"[worker-api-25c6abcf-7e83-4b29-83e2-3a0457ce5ee1]: exited"}}
[debug] [2020-09-11T23:17:15.137Z] [worker-api-25c6abcf-7e83-4b29-83e2-3a0457ce5ee1]: FINISHED {"metadata":{"emulator":{"name":"functions"},"message":"[worker-api-25c6abcf-7e83-4b29-83e2-3a0457ce5ee1]: FINISHED"}}
[debug] [2020-09-11T23:17:15.137Z] [work-queue] {"queueLength":0,"workRunningCount":0}
